 525552674961  8  525550813158         2019-02-02   00:00    00:00:12            
 525552674821  8  525550813158         2019-02-02   02:50    00:00:10            
 525552674961 EE  5591777800           2019-02-02   06:33    00:00:10            ep_svpmxe01
 525552674961 EE  5552582800           2019-02-02   07:24    00:00:09            ep_svpmxe01
 525552674961 EE  5591777800           2019-02-02   08:08    00:00:52            ep_svpmxe01
 525552674961 EE  5552555000           2019-02-02   08:22    00:02:13            ep_svpmxe01
 525552674961 EE  5527896500           2019-02-02   08:34    00:01:57            ep_svpmxe01
 525552674961 EE  5552582800           2019-02-02   08:45    00:01:02            ep_svpmxe01
 525552674961 II  11011011012          2019-02-02   09:02    00:00:06            EP_sdcxprsat3
 525552674694  8  525550817911         2019-02-02   09:02    00:00:18            
 525552674961 EE  5518012366           2019-02-02   09:10    00:02:04            ep_svpmxe01
 525552674961 II  11011011012          2019-02-02   09:11    00:00:07            EP_sdcxprsat2
 525552674961 II  919969494            2019-02-02   09:13    00:00:16            ep_svgsfe01
 525552674694  8  525552674961         2019-02-02   09:28    00:00:13            
 525552674961 EE  5552921485           2019-02-02   09:31    00:00:55            ep_svpmxe01
 525552674961 EE  5552494600           2019-02-02   09:39    00:00:59            ep_svpsfe01
 525552674821  8  525552674644         2019-02-02   09:40    00:01:01            
 525552674694  8  525552674644         2019-02-02   09:45    00:00:19            
 525552674694  8  525552674821         2019-02-02   10:23    00:00:21            
 525552674821  8  525552674694         2019-02-02   10:43    00:00:49            
 525552674821  8  525552674644         2019-02-02   10:44    00:00:12            
 525552674821  8  525552674694         2019-02-02   10:46    00:00:14            
 525552674961 II  957098645            2019-02-02   11:10    00:04:58            ep_svpmxe01
 525552674694 EE  527291498792         2019-02-02   11:31    00:00:23            ep_svpmxe01
 525552674961 EE  5552494600           2019-02-02   12:06    00:00:49            ep_svpsfe01
 525552674821  8  525552674694         2019-02-02   12:07    00:00:11            
 525552674694  8  525552674961         2019-02-02   12:08    00:00:38            
 525552674961  8  525552674644         2019-02-02   12:38    00:00:29            
 525552674852 II  11011011012          2019-02-02   13:23    00:00:09            EP_sdcxprsat2
 525552674821  8  525552674644         2019-02-02   13:28    00:00:10            
 525552674821  8  525552674694         2019-02-02   13:30    00:03:51            
 525552674694  8  525552674644         2019-02-02   13:34    00:01:45            
 525552674892 II  981647896            2019-02-02   13:36    00:00:29            ep_svpmxe01
 525552674694  8  525552674821         2019-02-02   13:39    00:00:52            
 525552674821  8  525552674694         2019-02-02   13:42    00:01:04            
 525552674821  8  525552674644         2019-02-02   13:44    00:00:23            
 525552674961 EE  5552582800           2019-02-02   13:47    00:00:13            ep_svpmxe01
 525552674852 II  11011011012          2019-02-02   13:50    00:00:06            EP_sdcxprsat2
 525552674852 II  11011011012          2019-02-02   13:52    00:00:27            EP_sdcxprsat3
 525552674852 II  11011011012          2019-02-02   14:18    00:00:26            EP_sdcxprsat2
 525552674694  8  525552674644         2019-02-02   15:24    00:00:44            
 525552674696  8  525552674821         2019-02-02   16:37    00:00:51            
 525552674696  8  525552674961         2019-02-02   16:40    00:00:30            
 525552674694  8  525552674961         2019-02-02   16:41    00:00:16            
 525552674694  8  525552674961         2019-02-02   17:47    00:00:44            
 525552674961 EE  5552582800           2019-02-02   18:29    00:00:14            ep_svpmxe01
 525552674694  8  525552674961         2019-02-02   18:36    00:00:43            
 525552674892 II  11011011012          2019-02-02   19:11    00:00:12            EP_sdcxprsat2
 525552674961 EE  5552555000           2019-02-02   19:35    00:22:09            ep_svpmxe01
 525552674694  8  525550817911         2019-02-02   19:59    00:00:05            
 525552674961 EE  5591777800           2019-02-02   20:02    00:00:13            ep_svpmxe01
 525552674961 EE  5558137393           2019-02-02   20:03    00:00:48            ep_svpmxe01
 525552674961 EE  5552582800           2019-02-02   20:18    00:00:52            ep_svpmxe01
 525552674821  8  525550813158         2019-02-02   20:30    00:01:16            
 525552674961 EE  5518012366           2019-02-02   20:36    00:00:57            ep_svpmxe01
 525552674961 EE  5574552638           2019-02-02   20:51    00:01:10            ep_svpmxe01
 525552674961  8  525550817911         2019-02-02   21:04    00:00:14            
 525552674821 II  957098645            2019-02-02   22:55    00:05:06            ep_svpmxe01
 525552674961 EE  5557098645           2019-02-02   23:08    00:00:53            ep_svpmxe01
 525552674941  8  525552674694         2019-02-02   23:36    00:00:13            
 525552674890  8  525552674694         2019-02-02   23:46    00:00:05            
