 528449864693 II  11011011012          2019-02-02   00:07    00:00:04            EP_sdcxprsat2
 528449864693  8  528449864691         2019-02-02   00:07    00:01:37            
 528449864513  8  528449864691         2019-02-02   00:09    00:00:35            
 528449864513  8  528449864691         2019-02-02   00:19    00:00:16            
 528449864691  8  528449864693         2019-02-02   00:25    00:02:09            
 528449864650  8  528449864693         2019-02-02   00:27    00:00:23            
 528449864693  8  528449864513         2019-02-02   00:31    00:00:24            
 528449864657  8  528449864584         2019-02-02   00:52    00:00:35            
 528449864513  8  528449864693         2019-02-02   01:11    00:00:17            
 528449864513  8  528449864691         2019-02-02   01:13    00:00:19            
 528449864513  8  528449864693         2019-02-02   01:15    00:00:39            
 528449864513  8  528449864691         2019-02-02   01:16    00:00:14            
 528449864513  8  528449864693         2019-02-02   01:16    00:00:11            
 528449864513  8  528449864691         2019-02-02   01:30    00:00:14            
 528449864513  8  528449864691         2019-02-02   01:49    00:00:11            
 528449864693  8  528449864513         2019-02-02   01:56    00:01:03            
 528449864635 EE  528449864603         2019-02-02   02:31    00:00:10            EP_spe_ATA01
 528449864513  8  528449864691         2019-02-02   02:34    00:00:22            
 528449864650  8  528449864691         2019-02-02   03:04    00:00:44            
 528449864513  8  528449864691         2019-02-02   03:08    00:00:17            
 528449864652 II  11011011012          2019-02-02   04:16    00:00:04            EP_sdcxprsat2
 528449864657 II  11011011012          2019-02-02   05:49    00:00:17            EP_sdcxprsat3
 528449864657 EE  8446225514           2019-02-02   05:50    00:00:58            EP_spe_proxy/GW
 528449864657 EE  8441390116           2019-02-02   06:00    00:00:24            EP_spe_proxy/GW
 528449864635 II  11011011012          2019-02-02   06:07    00:00:17            EP_sdcxprsat2
 528449864513  8  528449864691         2019-02-02   06:07    00:00:07            
 528449864657 EE  8442207103           2019-02-02   06:08    00:00:38            EP_spe_proxy/GW
 528449864657 EE  8444956916           2019-02-02   06:08    00:00:38            EP_spe_proxy/GW
 528449864635 EE  528449864603         2019-02-02   06:09    00:00:20            EP_spe_ATA01
 528449864658 EE  8442388992           2019-02-02   06:10    00:00:21            EP_spe_proxy/GW
 528449864657 EE  8443627311           2019-02-02   06:19    00:00:18            EP_spe_proxy/GW
 528449864657 EE  8444922310           2019-02-02   06:22    00:00:31            EP_spe_proxy/GW
 528449864658 EE  8442207103           2019-02-02   06:30    00:00:49            EP_spe_proxy/GW
 528449864657  8  528449864584         2019-02-02   06:33    00:02:18            
 528449864658  8  528449864571         2019-02-02   06:35    00:00:40            
 528449864657 EE  8443627311           2019-02-02   06:38    00:00:21            EP_spe_proxy/GW
 528449864657  8  528449864650         2019-02-02   06:42    00:00:37            
 528449864650  8  528449864691         2019-02-02   06:43    00:00:18            
 528449864526 II  90455585321671       2019-02-02   06:46    00:00:04            EP_spe_proxy/GW
 528449864526 II  90448444274767       2019-02-02   06:47    00:00:10            EP_spe_proxy/GW
 528449864526 II  90448448068932       2019-02-02   06:48    00:00:18            EP_spe_proxy/GW
 528449864693  8  528449864650         2019-02-02   06:49    00:00:23            
 528449864693  8  528449864650         2019-02-02   06:53    00:00:11            
 528449864650 II  11011011012          2019-02-02   06:59    00:00:01            EP_sdcxprsat3
 528449864633 II  11011011012          2019-02-02   07:13    00:00:04            EP_sdcxprsat3
 528449864584  8  528449864652         2019-02-02   07:13    00:01:01            
 528449864691 II  11011011012          2019-02-02   07:16    00:00:04            EP_sdcxprsat2
 528449864691  8  528449864513         2019-02-02   07:17    00:00:15            
 528449864513  8  528449864691         2019-02-02   07:53    00:00:49            
 528449864513  8  528449864584         2019-02-02   07:55    00:00:25            
 528449864748 EE  8443593915           2019-02-02   08:07    00:00:26            EP_spe_proxy/GW
 528449864657  8  528449864584         2019-02-02   08:12    00:00:18            
 528449864593 II  11011011006          2019-02-02   08:13    00:00:21            EP_sdcxprsat2
 528449864657 EE  8443103870           2019-02-02   08:18    00:02:36            EP_spe_proxy/GW
 528449864657  8  528449864513         2019-02-02   08:24    00:00:47            
 528449864513  8  528449864691         2019-02-02   08:25    00:01:00            
 528449864558  8  528449864657         2019-02-02   08:31    00:00:31            
 528449864650 EE  8442345287           2019-02-02   08:34    00:00:17            EP_spe_proxy/GW
 528449864657 EE  8446225514           2019-02-02   08:42    00:00:49            EP_spe_proxy/GW
 528449864513  8  528449864691         2019-02-02   08:51    00:00:34            
 528449864691  8  528449864513         2019-02-02   08:55    00:00:21            
 528449864691  8  528449864513         2019-02-02   08:57    00:00:11            
 528449864513  8  528449864650         2019-02-02   09:07    00:00:12            
 528449864603 II  11011011012          2019-02-02   09:09    00:00:03            EP_sdcxprsat2
 528449864635 EE  528449864603         2019-02-02   09:09    00:00:25            EP_spe_ATA01
 528449864693  8  528449864513         2019-02-02   09:09    00:02:29            
 528449864691  8  528449864650         2019-02-02   09:14    00:00:10            
 528449864650  8  528449864693         2019-02-02   09:17    00:00:25            
 528449864693  8  528449864650         2019-02-02   09:20    00:00:34            
 528449864523 II  9018005630623        2019-02-02   09:34    00:26:11            EP_spe_proxy/GW
 528449864650  8  528449864693         2019-02-02   09:36    00:00:21            
 528449864691 II  11011011012          2019-02-02   09:37    00:00:04            EP_sdcxprsat3
 528449864800  8  528449864828         2019-02-02   09:43    00:00:04            
 528449864650  8  528449864513         2019-02-02   09:58    00:00:34            
 528449864523 II  9018005630623        2019-02-02   10:04    00:04:26            EP_spe_proxy/GW
 528449864657 EE  7229621300           2019-02-02   10:06    00:00:08            EP_spe_proxy/GW
 528449864657 II  11011011012          2019-02-02   10:13    00:00:03            EP_sdcxprsat3
 528449864657  8  528449864558         2019-02-02   10:13    00:00:21            
 528449864578  8  528449864657         2019-02-02   10:16    00:00:28            
 528449864582  8  528444112831         2019-02-02   10:19    00:09:36            
 528449864749  8  528449864657         2019-02-02   10:21    00:00:21            
 528449864522 II  11011011006          2019-02-02   10:22    00:00:15            EP_sdcxprsat2
 528449864589 II  11011011006          2019-02-02   10:28    00:00:43            EP_sdcxprsat3
 528449864547 II  11011011006          2019-02-02   10:33    00:00:04            EP_sdcxprsat3
 528449864584 EE  8421123608           2019-02-02   10:37    00:01:32            EP_spe_proxy/GW
 528449864720 II  11011011006          2019-02-02   10:52    00:00:12            EP_sdcxprsat2
 528449864720 II  11011011006          2019-02-02   10:54    00:00:07            EP_sdcxprsat1
 528449864657 II  11011011012          2019-02-02   10:56    00:00:06            EP_sdcxprsat3
 528449864557 II  11011011006          2019-02-02   11:03    00:00:09            EP_sdcxprsat3
 528449864657 II  11011011012          2019-02-02   11:06    00:00:04            EP_sdcxprsat3
 528449864657 II  11011011012          2019-02-02   11:06    00:00:03            EP_sdcxprsat1
 528449864720 II  11011011006          2019-02-02   11:07    00:00:06            EP_sdcxprsat2
 528449864692  8  528449864513         2019-02-02   11:07    00:03:50            
 528449864589 II  11011011006          2019-02-02   11:16    00:00:43            EP_sdcxprsat2
 528449864657 II  11011011012          2019-02-02   11:23    00:00:07            EP_sdcxprsat2
 528449864650  8  528449864693         2019-02-02   11:26    00:02:44            
 528449864658 II  11011011012          2019-02-02   11:27    00:00:04            EP_sdcxprsat1
 528449864658 II  11011011012          2019-02-02   11:27    00:00:06            EP_sdcxprsat1
 528449864650  8  528449864692         2019-02-02   11:29    00:02:10            
 528449864657 II  11011011012          2019-02-02   11:31    00:00:03            EP_sdcxprsat2
 528449864657 EE  8443287240           2019-02-02   11:32    00:04:10            EP_spe_proxy/GW
 528449864558  8  528449864658         2019-02-02   11:32    00:00:05            
 528449864513  8  528449864692         2019-02-02   11:32    00:01:48            
 528449864657  8  528449864558         2019-02-02   11:40    00:00:51            
 528449864657  8  528449864558         2019-02-02   11:49    00:02:02            
 528449864650  8  528449864691         2019-02-02   11:55    00:00:16            
 528449864747 II  11011011006          2019-02-02   12:04    00:00:04            EP_sdcxprsat1
 528449864513  8  528449864692         2019-02-02   12:06    00:00:35            
 528449864657  8  528449864558         2019-02-02   12:16    00:00:19            
 528449864513  8  528449864693         2019-02-02   12:16    00:00:47            
 528449864787  8  528449864747         2019-02-02   12:20    00:02:16            
 528449864657  8  528449864558         2019-02-02   12:24    00:00:11            
 528449864800  8  528449864828         2019-02-02   12:32    00:00:04            
 528449864513  8  528449864693         2019-02-02   12:36    00:01:05            
 528449864533 II  527222795952         2019-02-02   13:04    00:00:51            EP_sdcxprsat2
 528449864657  8  528449864558         2019-02-02   13:06    00:00:19            
 528449864547 II  11011011006          2019-02-02   13:31    00:00:03            EP_sdcxprsat3
 528449864693  8  528449864513         2019-02-02   13:34    00:00:46            
 528449864513  8  528449864693         2019-02-02   13:35    00:00:20            
 528449864692  8  528449864650         2019-02-02   13:45    00:00:25            
 528449864584  8  528449864657         2019-02-02   13:50    00:00:29            
 528449864691 EE  8443515512           2019-02-02   13:51    00:00:20            EP_spe_proxy/GW
 528449864584 II  11011011006          2019-02-02   14:11    00:00:05            EP_sdcxprsat1
 528449864523  8  528449864635         2019-02-02   14:13    00:01:22            
 528449864584 II  11011011012          2019-02-02   14:19    00:00:06            EP_sdcxprsat3
 528449864584 II  11011011012          2019-02-02   14:19    00:00:03            EP_sdcxprsat3
 528449864558 II  11011011012          2019-02-02   14:19    00:00:04            EP_sdcxprsat1
 528449864584 II  11011011006          2019-02-02   14:19    00:00:04            EP_sdcxprsat1
 528449864558  8  528449864584         2019-02-02   14:20    00:01:34            
 528449864768  8  528449864714         2019-02-02   14:32    00:01:10            
 528449864693  8  528449864513         2019-02-02   14:33    00:00:16            
 528449864547 II  11011011006          2019-02-02   14:36    00:00:05            EP_sdcxprsat2
 528449864547 II  11011011006          2019-02-02   14:38    00:00:05            EP_sdcxprsat1
 528449864657 EE  8447770280           2019-02-02   14:41    00:01:20            EP_spe_proxy/GW
 528449864800  8  528449864828         2019-02-02   14:52    00:00:04            
 528449864657  8  528449864513         2019-02-02   15:29    00:00:33            
 528449864513  8  528449864691         2019-02-02   15:29    00:00:19            
 528449864657 II  11011011012          2019-02-02   15:39    00:00:04            EP_sdcxprsat2
 528449864657 II  11011011012          2019-02-02   15:47    00:00:03            EP_sdcxprsat3
 528449864657  8  528449864691         2019-02-02   16:00    00:00:29            
 528449864513  8  528449864691         2019-02-02   16:13    00:00:06            
 528449864657 II  11011011012          2019-02-02   16:20    00:00:08            EP_sdcxprsat2
 528449864584  8  528449864657         2019-02-02   16:20    00:00:29            
 528449864800  8  528449864828         2019-02-02   16:22    00:00:04            
 528449864656 II  11011011006          2019-02-02   16:46    00:00:26            EP_sdcxprsat2
 528449864691  8  528449864513         2019-02-02   16:51    00:01:59            
 528449864657  8  528449864558         2019-02-02   16:56    00:00:36            
 528449864558  8  528449864657         2019-02-02   16:58    00:00:36            
 528449864513  8  528449864693         2019-02-02   17:09    00:00:17            
 528449864691  8  528449864513         2019-02-02   17:12    00:00:15            
 528449864787  8  528449864747         2019-02-02   17:13    00:01:30            
 528449864547 II  11011011006          2019-02-02   17:14    00:00:04            EP_sdcxprsat1
 528449864760 II  11011011006          2019-02-02   17:26    00:00:04            EP_sdcxprsat1
 528449864513  8  528449864692         2019-02-02   18:06    00:01:16            
 528449864658  8  528449864571         2019-02-02   18:15    00:00:40            
 528449864769  8  528449864748         2019-02-02   18:33    00:01:29            
 528449864635 EE  528449864603         2019-02-02   18:35    00:00:17            EP_spe_ATA01
 528449864650  8  528449864513         2019-02-02   18:39    00:00:08            
 528449864691  8  528449864513         2019-02-02   18:47    00:00:19            
 528449864513  8  528449864650         2019-02-02   18:47    00:00:25            
 528449864657 EE  8442804351           2019-02-02   19:03    00:01:48            EP_spe_proxy/GW
 528449864693  8  528449864513         2019-02-02   19:03    00:00:43            
 528449864545 EE  8445282300           2019-02-02   19:15    00:00:24            EP_spe_proxy/GW
 528449864657 EE  8442701577           2019-02-02   19:16    00:05:19            EP_spe_proxy/GW
 528449864714 EE  8444426578           2019-02-02   19:20    00:01:16            EP_spe_proxy/GW
 528449864635  8  528449864692         2019-02-02   19:26    00:00:17            
 528449864513  8  528449864692         2019-02-02   19:34    00:00:15            
 528449864692  8  528449864513         2019-02-02   19:42    00:00:29            
 528449864738 II  11011011006          2019-02-02   19:50    00:00:02            EP_sdcxprsat1
 528449864529  8  528449864657         2019-02-02   19:54    00:01:15            
 528449864768  8  528449864738         2019-02-02   20:01    00:00:18            
 528449864650  8  528449864693         2019-02-02   20:13    00:00:30            
 528449864768  8  528449864738         2019-02-02   20:20    00:00:16            
 528449864657 II  11011011006          2019-02-02   20:22    00:00:03            EP_sdcxprsat3
 528449864657 II  11011011006          2019-02-02   20:23    00:00:03            EP_sdcxprsat2
 528449864513  8  528449864692         2019-02-02   20:24    00:01:02            
 528449864691 EE  8443515512           2019-02-02   20:31    00:00:14            EP_spe_proxy/GW
 528449864693 II  11011011012          2019-02-02   20:37    00:00:04            EP_sdcxprsat2
 528449864693  8  528449864691         2019-02-02   20:37    00:00:53            
 528449864760 II  11011011006          2019-02-02   21:04    00:00:05            EP_sdcxprsat3
 528449864691  8  528449864693         2019-02-02   21:28    00:00:33            
 528449864656 II  11011011006          2019-02-02   21:34    00:00:27            EP_sdcxprsat2
 528449864691  8  528449864513         2019-02-02   21:50    00:00:20            
 528449864513  8  528449864693         2019-02-02   21:52    00:00:25            
 528449864738  8  528449864768         2019-02-02   22:03    00:00:15            
 528449864547 II  11011011012          2019-02-02   22:09    00:00:03            EP_sdcxprsat2
 528449864547  8  528449864658         2019-02-02   22:25    00:00:56            
 528449864741 II  91122586             2019-02-02   22:43    00:01:07            EP_spe_proxy/GW
 528449864692  8  528449864545         2019-02-02   22:53    00:01:06            
 528449864692  8  528449864513         2019-02-02   22:55    00:00:48            
 528449864692  8  528449864513         2019-02-02   23:00    00:00:15            
 528449864738  8  528449864768         2019-02-02   23:07    00:00:24            
 528449864768  8  528449864738         2019-02-02   23:10    00:00:06            
 528449864714 EE  8444426578           2019-02-02   23:12    00:00:39            EP_spe_proxy/GW
 528449864714 EE  8444426578           2019-02-02   23:16    00:00:33            EP_spe_proxy/GW
 528449864692  8  528449864513         2019-02-02   23:17    00:00:22            
 528449864513  8  528449864693         2019-02-02   23:25    00:00:46            
 528449864657 EE  8444964291           2019-02-02   23:54    00:01:39            EP_spe_proxy/GW
