 525550817911  8  525550813138         2019-02-02   00:13    00:04:11            
 525550817520  8  525550813224         2019-02-02   00:18    00:29:14            
 525550817911  8  525550817809         2019-02-02   01:13    00:00:52            
 525550817911  8  525550813150         2019-02-02   01:59    00:00:20            
 525550813160  8  525550813158         2019-02-02   03:16    00:00:14            
 525550817809  8  525550817911         2019-02-02   05:25    00:00:18            
 525550813158 II  11011011012          2019-02-02   07:05    00:00:08            EP_sdcxprsat3
 525550813158  8  525552674821         2019-02-02   07:05    00:00:42            
 525550817520  8  527222795702         2019-02-02   07:13    00:01:21            
 525550817388  8  528444112832         2019-02-02   07:14    00:01:14            
 525550817520  8  528442424254         2019-02-02   07:17    00:02:19            
 525550817388  8  528449864511         2019-02-02   07:20    00:01:08            
 525550817394 II  90445527740568       2019-02-02   07:29    00:01:41            ep_svgsfe01
 525550813138  8  525550817911         2019-02-02   07:33    00:00:20            
 525550813158  8  525550817911         2019-02-02   07:33    00:00:13            
 525550817911 EE  5516785368           2019-02-02   07:48    00:00:24            ep_svpsfe01
 525550817911  8  525550813160         2019-02-02   07:48    00:00:13            
 525550813158  8  525550813138         2019-02-02   07:49    00:00:17            
 525550813158  8  525550813138         2019-02-02   07:55    00:00:23            
 525550817911  8  525550813111         2019-02-02   07:55    00:00:40            
 525550817911  8  525550813111         2019-02-02   08:01    00:00:18            
 525550813111  8  525550813158         2019-02-02   08:02    00:00:35            
 525550813174  8  525550817911         2019-02-02   08:02    00:00:51            
 525550813174  8  525550813154         2019-02-02   08:07    00:00:34            
 525550817911  8  525550813160         2019-02-02   08:09    00:01:01            
 525550813173  8  525550813174         2019-02-02   08:18    00:00:50            
 525550813221 II  11011011012          2019-02-02   08:21    00:00:04            EP_sdcxprsat2
 525550813404  8  525550813138         2019-02-02   08:24    00:02:01            
 525550813443 II  11011011012          2019-02-02   08:26    00:00:04            EP_sdcxprsat1
 525550813173  8  525550813174         2019-02-02   08:26    00:00:20            
 525550813173  8  525550817911         2019-02-02   08:26    00:00:28            
 525550817999  8  525550813224         2019-02-02   08:28    00:05:09            
 525550813995 II  11011011012          2019-02-02   08:31    00:00:52            EP_sdcxprsat3
 525550817911  8  525550813174         2019-02-02   08:35    00:00:14            
 525550817999  8  525550813224         2019-02-02   08:35    00:01:08            
 525550813173  8  525550813174         2019-02-02   08:39    00:00:25            
 525550813173  8  525550813154         2019-02-02   08:39    00:00:09            
 525550813158  8  525550813154         2019-02-02   08:41    00:00:07            
 525550817404 II  11011011012          2019-02-02   08:49    00:01:01            EP_sdcxprsat2
 525550813158  8  525552674821         2019-02-02   08:51    00:01:18            
 525550813110  8  525550813138         2019-02-02   08:54    00:00:09            
 525550813160  8  525550813173         2019-02-02   09:02    00:00:08            
 525550817911  8  525550813158         2019-02-02   09:02    00:00:21            
 525550813158  8  525550813138         2019-02-02   09:05    00:00:20            
 525550813419  8  525550813138         2019-02-02   09:11    00:00:50            
 525550813221 II  11011011012          2019-02-02   09:11    00:00:06            EP_sdcxprsat1
 525550817655 II  919969494            2019-02-02   09:13    00:00:17            ep_svgsfe01
 525550813419  8  525550813138         2019-02-02   09:18    00:02:19            
 525550817655  8  525550817680         2019-02-02   09:19    00:00:13            
 525550813158  8  525550817911         2019-02-02   09:21    00:00:20            
 525550817911  8  525550817520         2019-02-02   09:22    00:01:47            
 525550813224  8  525550813280         2019-02-02   09:23    00:00:32            
 525550817966 II  11011011012          2019-02-02   09:24    00:00:04            EP_sdcxprsat2
 525550817911  8  525550813158         2019-02-02   09:24    00:00:08            
 525550817347 II  11011011012          2019-02-02   09:25    00:00:12            EP_sdcxprsat2
 525550813428 II  11011011012          2019-02-02   09:26    00:00:27            EP_sdcxprsat1
 525550813154  8  525550813158         2019-02-02   09:28    00:00:16            
 525550817999 II  90445527324042       2019-02-02   09:31    00:00:03            ep_svgsfe01
 525550817999  8  525550817911         2019-02-02   09:31    00:02:16            
 525550817911  8  525550813173         2019-02-02   09:34    00:00:09            
 525550813173  8  525550813154         2019-02-02   09:35    00:00:16            
 525550817911  8  525550813158         2019-02-02   09:37    00:00:13            
 525550813205  8  525550813138         2019-02-02   09:39    00:00:13            
 525550813412 II  11011011012          2019-02-02   09:46    00:00:24            EP_sdcxprsat3
 525550817911 EE  5513644255           2019-02-02   09:49    00:01:03            ep_svpsfe01
 525550817568 II  975838177            2019-02-02   09:49    00:02:26            ep_svgsfe01
 525550817911 EE  5547749052           2019-02-02   09:52    00:01:32            ep_svpsfe01
 525550813158  8  525550817911         2019-02-02   09:54    00:00:48            
 525550813110  8  525550813138         2019-02-02   09:56    00:00:34            
 525550817999  8  525550817911         2019-02-02   09:57    00:00:06            
 525550817999  8  525550813224         2019-02-02   09:58    00:01:40            
 525550817754 EE  5514540751           2019-02-02   09:59    00:00:13            ep_svpsfe01
 525550817754 EE  5514540751           2019-02-02   10:01    00:05:10            ep_svpsfe01
 525550813747 II  11011011012          2019-02-02   10:01    00:01:34            EP_sdcxprsat2
 525550817746 II  11011011012          2019-02-02   10:02    00:00:05            EP_sdcxprsat1
 525550817339 II  11011011012          2019-02-02   10:05    00:00:11            EP_sdcxprsat2
 525550817749 EE  5514540751           2019-02-02   10:07    00:02:02            ep_svpsfe01
 525550817388 EE  5527324042           2019-02-02   10:08    00:05:40            ep_svpsfe01
 525550813658 II  970272255            2019-02-02   10:11    00:05:40            ep_svgsfe01
 525550817749 EE  5514540751           2019-02-02   10:12    00:06:54            ep_svpsfe01
 525550813158  8  525550817911         2019-02-02   10:13    00:00:34            
 525550817033 II  11011011012          2019-02-02   10:14    00:00:36            EP_sdcxprsat1
 525550817754 EE  5514540751           2019-02-02   10:14    00:05:56            ep_svpsfe01
 525550817911 EE  5513644255           2019-02-02   10:14    00:00:26            ep_svpsfe01
 525550813224 II  11011011012          2019-02-02   10:17    00:00:03            EP_sdcxprsat3
 525550813224 II  11011011012          2019-02-02   10:21    00:00:06            EP_sdcxprsat3
 525550817749 EE  5514540751           2019-02-02   10:22    00:05:33            ep_svpsfe01
 525550813154  8  525550813158         2019-02-02   10:23    00:01:12            
 525550817911  8  525550813174         2019-02-02   10:24    00:00:17            
 525550817753 EE  5514540751           2019-02-02   10:24    00:00:37            ep_svpsfe01
 525550817753 EE  5514540751           2019-02-02   10:27    00:07:57            ep_svpsfe01
 525550817754 EE  5514540751           2019-02-02   10:27    00:27:39            ep_svpsfe01
 525550817105 II  9019933109984        2019-02-02   10:28    00:30:00            ep_svgsfe01
 525550813000 II  9019933109984        2019-02-02   10:28    00:30:15            ep_svgsfe01
 525550813763 II  9014422426962        2019-02-02   10:29    00:04:10 54874878   ep_svgsfe01
 525550817680  8  525550817655         2019-02-02   10:30    00:00:36            
 525550817749 EE  5514540751           2019-02-02   10:30    00:02:31            ep_svpsfe01
 525550813514 II  956123653            2019-02-02   10:30    00:01:05            ep_svgsfe01
 525550813158  8  525550817911         2019-02-02   10:33    00:00:14            
 525550817749 EE  5514540751           2019-02-02   10:33    00:00:04            ep_svpsfe01
 525550817749 EE  5514540751           2019-02-02   10:33    00:06:08            ep_svpsfe01
 525550813128  8  525550813138         2019-02-02   10:33    00:00:29            
 525550813481 II  11011011012          2019-02-02   10:33    00:00:04            EP_sdcxprsat1
 525550813649 II  956117330            2019-02-02   10:35    00:03:21            ep_svgsfe01
 525550817749 EE  5514540751           2019-02-02   10:40    00:06:37            ep_svpsfe01
 525550817999 EE  5535740254           2019-02-02   10:40    00:02:34            ep_svpsfe01
 525550813649 II  956117330            2019-02-02   10:47    00:02:08            ep_svgsfe01
 525550817261 II  11011011012          2019-02-02   10:47    00:00:30            EP_sdcxprsat3
 525550817749 EE  5514540751           2019-02-02   10:47    00:01:07            ep_svpsfe01
 525550813154  8  525550813158         2019-02-02   10:48    00:00:37            
 525550817749 EE  5514540751           2019-02-02   10:49    00:02:08            ep_svpsfe01
 525550813649 II  953692541            2019-02-02   10:51    00:03:17            ep_svgsfe01
 525550817749 EE  5514540751           2019-02-02   10:52    00:04:45            ep_svpsfe01
 525550817999  8  525550817911         2019-02-02   10:52    00:00:06            
 525550817754 II  958094768            2019-02-02   10:55    00:00:03            ep_svgsfe01
 525550817754 II  958094768            2019-02-02   10:55    00:09:27            ep_svgsfe01
 525550817753 EE  5514540751           2019-02-02   10:56    00:11:36            ep_svpsfe01
 525550817415 II  11011011012          2019-02-02   10:57    00:00:08            EP_sdcxprsat1
 525550817999  8  525550813224         2019-02-02   10:58    00:02:04            
 525550813158  8  525550817911         2019-02-02   10:58    00:00:10            
 525550817749 EE  5514540751           2019-02-02   11:00    00:02:11            ep_svpsfe01
 525550817404 II  11011011012          2019-02-02   11:00    00:01:00            EP_sdcxprsat3
 525550817700 II  9018677112500        2019-02-02   11:00    00:08:17 99278967   ep_svgsfe01
 525550817568 II  975838177            2019-02-02   11:01    00:02:17            ep_svgsfe01
 525550817753 II  11011011012          2019-02-02   11:03    00:00:32            EP_sdcxprsat3
 525550817568 II  975838177            2019-02-02   11:04    00:01:58            ep_svgsfe01
 525550817753 II  11011011012          2019-02-02   11:04    00:01:04            EP_sdcxprsat3
 525550817753 II  11011011012          2019-02-02   11:05    00:00:39            EP_sdcxprsat1
 525550817753 II  11011011012          2019-02-02   11:06    00:01:22            EP_sdcxprsat2
 525550817753 II  11011011012          2019-02-02   11:07    00:01:33            EP_sdcxprsat3
 525550817753 EE  5514540751           2019-02-02   11:08    00:18:17            ep_svpsfe01
 525550817568 II  975838177            2019-02-02   11:09    00:02:32            ep_svgsfe01
 525550817204 II  11011011012          2019-02-02   11:10    00:00:22            EP_sdcxprsat1
 525550817754 EE  5514540751           2019-02-02   11:10    00:01:23            ep_svpsfe01
 525550817568 II  975838177            2019-02-02   11:10    00:37:27            ep_svgsfe01
 525550817097 II  11011011012          2019-02-02   11:11    00:00:16            EP_sdcxprsat3
 525550817754 EE  5514540751           2019-02-02   11:12    00:35:40            ep_svpsfe01
 525550813514 II  959733310            2019-02-02   11:15    00:01:59            ep_svgsfe01
 525550813154  8  525550813158         2019-02-02   11:16    00:01:40            
 525550813428 II  11011011012          2019-02-02   11:18    00:00:04            EP_sdcxprsat2
 525550813154  8  525550813173         2019-02-02   11:22    00:00:27            
 525550817700 II  9018677112500        2019-02-02   11:22    00:03:36 99278967   ep_svgsfe01
 525550817754 EE  5514540751           2019-02-02   11:23    00:22:57            ep_svpsfe01
 525550813160  8  525550817911         2019-02-02   11:23    00:00:32            
 525550813161 EE  525550817377         2019-02-02   11:26    00:07:08            ep_svpsfe01
 525550816152 EE  5555353044           2019-02-02   11:26    00:11:17            ep_svpsfe01
 525550813154  8  525550813173         2019-02-02   11:27    00:00:05            
 525550817754 II  11011011012          2019-02-02   11:27    00:00:26            EP_sdcxprsat2
 525550813428 II  11011011012          2019-02-02   11:27    00:00:04            EP_sdcxprsat3
 525550813158  8  525550813154         2019-02-02   11:27    00:00:50            
 525550813154  8  525550813173         2019-02-02   11:28    00:01:34            
 525550817415 II  11011011012          2019-02-02   11:28    00:00:09            EP_sdcxprsat2
 525550817749 EE  5514540751           2019-02-02   11:29    00:03:11            ep_svpsfe01
 525550813161 II  90445545669730       2019-02-02   11:30    00:00:13            ep_svgsfe01
 525550813161 II  90445541756228       2019-02-02   11:31    00:06:19            ep_svgsfe01
 525550813161  8  1234567890           2019-02-02   11:33    00:04:11            
 525550817700 II  19563265604          2019-02-02   11:37    00:00:06 99278967   ep_sdcgw01
 525550813428 II  11011011012          2019-02-02   11:38    00:00:18            EP_sdcxprsat1
 525550817753 EE  5514540751           2019-02-02   11:38    00:05:21            ep_svpsfe01
 525550817700 II  9018150006799        2019-02-02   11:41    00:01:32 99278967   ep_svgsfe01
 525550813763 II  90459981190167       2019-02-02   11:42    00:04:09 54874878   ep_svgsfe01
 525550813464 II  11011011012          2019-02-02   11:42    00:00:05            EP_sdcxprsat1
 525550817753 EE  5514540751           2019-02-02   11:45    00:00:33            ep_svpsfe01
 525550813154  8  525550813173         2019-02-02   11:49    00:00:05            
 525550813154  8  525550813158         2019-02-02   11:49    00:00:04            
 525550813174  8  525550813154         2019-02-02   11:50    00:00:07            
 525550813173  8  525550813154         2019-02-02   11:51    00:00:18            
 525550813500 II  525550813600         2019-02-02   11:51    00:00:10            ep_svpsfe01
 525550817476 II  11011011012          2019-02-02   11:51    00:00:05            EP_sdcxprsat3
 525550813173  8  525550813154         2019-02-02   11:52    00:00:24            
 525550817749 EE  5514540751           2019-02-02   11:52    00:03:37            ep_svpsfe01
 525550817753 EE  5514540751           2019-02-02   11:53    00:05:56            ep_svpsfe01
 525550813994 II  11011011012          2019-02-02   11:53    00:00:08            EP_sdcxprsat1
 525550817754 EE  5514540751           2019-02-02   11:54    00:00:46            ep_svpsfe01
 525550813953 II  11011011012          2019-02-02   11:56    00:00:05            EP_sdcxprsat3
 525550817749 EE  5514540751           2019-02-02   11:57    00:02:03            ep_svpsfe01
 525550817754 EE  5514540751           2019-02-02   11:57    00:03:35            ep_svpsfe01
 525550813953 II  11011011012          2019-02-02   11:57    00:00:04            EP_sdcxprsat3
 525550817749 EE  5514540751           2019-02-02   11:59    00:08:00            ep_svpsfe01
 525550813649 II  953692541            2019-02-02   12:04    00:00:46            ep_svgsfe01
 525550817753 EE  5514540751           2019-02-02   12:04    00:07:44            ep_svpsfe01
 525550813154  8  525550813173         2019-02-02   12:05    00:00:24            
 525550813514 EE  6865617206           2019-02-02   12:07    00:01:33            ep_svpsfe01
 525550817856 II  11011011012          2019-02-02   12:07    00:00:04            EP_sdcxprsat3
 525550813536 II  11011011012          2019-02-02   12:11    00:00:04            EP_sdcxprsat2
 525550817749 EE  5514540751           2019-02-02   12:11    00:04:36            ep_svpsfe01
 525550817568 II  975838177            2019-02-02   12:12    00:09:19            ep_svgsfe01
 525550817754 EE  5514540751           2019-02-02   12:14    00:07:44            ep_svpsfe01
 525550813514 II  90458661599415       2019-02-02   12:14    00:01:32 90230692   ep_svgsfe01
 525550817490 II  11011011012          2019-02-02   12:15    00:01:03            EP_sdcxprsat1
 525550813000 II  9019933109984        2019-02-02   12:15    00:01:13            ep_svgsfe01
 525550817754 EE  5514540751           2019-02-02   12:15    00:17:57            ep_svpsfe01
 525550813464 II  11011011012          2019-02-02   12:16    00:00:05            EP_sdcxprsat1
 525550813658 EE  8181269000           2019-02-02   12:17    00:01:55            ep_svpsfe01
 525550817749 EE  5514540751           2019-02-02   12:22    00:02:39            ep_svpsfe01
 525550817753 EE  5514540751           2019-02-02   12:22    00:01:22            ep_svpsfe01
 525550817568 II  975838177            2019-02-02   12:22    00:04:29            ep_svgsfe01
 525550817753 EE  5514540751           2019-02-02   12:23    00:03:29            ep_svpsfe01
 525550817754 EE  5514540751           2019-02-02   12:23    00:02:21            ep_svpsfe01
 525550813158  8  525550817911         2019-02-02   12:23    00:00:21            
 525550813514 EE  2414181198           2019-02-02   12:24    00:03:55            ep_svpsfe01
 525550817749 EE  5514540751           2019-02-02   12:25    00:07:57            ep_svpsfe01
 525550813662 II  955632336            2019-02-02   12:27    00:01:33            ep_svgsfe01
 525550817753 EE  5514540751           2019-02-02   12:28    00:01:24            ep_svpsfe01
 525550817224 II  11011011012          2019-02-02   12:28    00:00:06            EP_sdcxprsat1
 525550817754 EE  5514540751           2019-02-02   12:30    00:03:07            ep_svpsfe01
 525550817753 EE  5514540751           2019-02-02   12:31    00:00:35            ep_svpsfe01
 525550817754 II  11011011012          2019-02-02   12:31    00:00:05            EP_sdcxprsat1
 525550813128  8  525550813138         2019-02-02   12:32    00:00:11            
 525550817753 EE  5514540751           2019-02-02   12:32    00:00:59            ep_svpsfe01
 525550817754 II  11011011012          2019-02-02   12:33    00:00:41            EP_sdcxprsat3
 525550817749 EE  5514540751           2019-02-02   12:33    00:03:50            ep_svpsfe01
 525550817568 II  975838177            2019-02-02   12:33    00:07:24            ep_svgsfe01
 525550817753 EE  5514540751           2019-02-02   12:34    00:00:07            ep_svpsfe01
 525550817754 EE  5514540751           2019-02-02   12:34    00:05:58            ep_svpsfe01
 525550817754 EE  5514540751           2019-02-02   12:34    00:05:45            ep_svpsfe01
 525550817753 EE  5514540751           2019-02-02   12:35    00:11:02            ep_svpsfe01
 525550817754 II  11011011012          2019-02-02   12:35    00:00:16            EP_sdcxprsat2
 525550817680  8  525550817655         2019-02-02   12:35    00:00:34            
 525550813763 EE  6444106400           2019-02-02   12:36    00:03:16            ep_svpsfe01
 525550813658 EE  8181269000           2019-02-02   12:38    00:01:23            ep_svpsfe01
 525550813157  8  525550817911         2019-02-02   12:40    00:00:10            
 525550817911  8  525550813158         2019-02-02   12:40    00:00:07            
 525550813658 EE  5551321000           2019-02-02   12:41    00:14:23            ep_svpsfe01
 525550817568 II  975838177            2019-02-02   12:41    00:10:46            ep_svgsfe01
 525550817754 EE  5514540751           2019-02-02   12:42    00:02:49            ep_svpsfe01
 525550817754  8  525550817749         2019-02-02   12:45    00:00:03            
 525550817749 EE  5514540751           2019-02-02   12:45    00:06:55            ep_svpsfe01
 525550817753 EE  5514540751           2019-02-02   12:49    00:15:34            ep_svpsfe01
 525550813514 EE  3336486161           2019-02-02   12:51    00:09:08            ep_svpsfe01
 525550813404  8  525550813138         2019-02-02   12:55    00:00:19            
 525550813658 EE  8331402970           2019-02-02   12:56    00:02:23            ep_svpsfe01
 525550813644 II  11011011012          2019-02-02   12:57    00:00:23            EP_sdcxprsat3
 525550813500 II  525550813600         2019-02-02   13:05    00:01:31            ep_svpsfe01
 525550817754 EE  5514540751           2019-02-02   13:06    00:01:41            ep_svpsfe01
 525550813600 II  525550813000         2019-02-02   13:07    00:00:58            ep_svpsfe01
 525550817754 EE  5514540751           2019-02-02   13:08    00:17:53            ep_svpsfe01
 525550813500 II  525550813600         2019-02-02   13:10    00:01:31            ep_svpsfe01
 525550813600 II  525550813000         2019-02-02   13:12    00:00:59            ep_svpsfe01
 525550817754 EE  5514540751           2019-02-02   13:12    00:13:29            ep_svpsfe01
 525550817754  8  1234567890           2019-02-02   13:13    00:13:02            
 525550813158  8  525550817911         2019-02-02   13:13    00:00:15            
 525550813500 II  525550813600         2019-02-02   13:14    00:00:49            ep_svpsfe01
 525550813600 II  9018006141488        2019-02-02   13:15    00:04:36            ep_svgsfe01
 525550817227 II  11011011012          2019-02-02   13:19    00:00:06            EP_sdcxprsat1
 525550813000 II  525550813977         2019-02-02   13:21    00:00:06            EP_sdcxprsat2
 525550813519 II  11011011012          2019-02-02   13:21    00:00:30            EP_sdcxprsat2
 525550817753 EE  5514540751           2019-02-02   13:22    00:05:09            ep_svpsfe01
 525550813500 II  525550813600         2019-02-02   13:22    00:01:14            ep_svpsfe01
 525550817955 II  11011011012          2019-02-02   13:23    00:00:08            EP_sdcxprsat3
 525550813600 II  525550813600         2019-02-02   13:23    00:00:18            ep_svpsfe01
 525550813174  8  525550813173         2019-02-02   13:24    00:00:17            
 525550817955 II  11011011012          2019-02-02   13:24    00:00:04            EP_sdcxprsat1
 525550817568 II  975838177            2019-02-02   13:25    00:10:12            ep_svgsfe01
 525550817754 EE  5514540751           2019-02-02   13:27    00:08:58            ep_svpsfe01
 525550817753 EE  5514540751           2019-02-02   13:28    00:01:00            ep_svpsfe01
 525550813138  8  525550817045         2019-02-02   13:29    00:00:19            
 525550817753  8  525550817749         2019-02-02   13:29    00:00:02            
 525550817749 EE  5514540751           2019-02-02   13:29    00:02:46            ep_svpsfe01
 525550817504 EE  4424440969           2019-02-02   13:30    00:29:25            ep_svpsfe01
 525550817415 II  11011011012          2019-02-02   13:34    00:00:20            EP_sdcxprsat1
 525550817754 EE  5514540751           2019-02-02   13:36    00:00:33            ep_svpsfe01
 525550813649 II  953692541            2019-02-02   13:38    00:10:28            ep_svgsfe01
 525550817754 EE  5514540751           2019-02-02   13:38    00:02:05            ep_svpsfe01
 525550817753 EE  5514540751           2019-02-02   13:39    00:02:13            ep_svpsfe01
 525550817999  8  525550813224         2019-02-02   13:40    00:00:43            
 525550817753  8  525550817754         2019-02-02   13:41    00:00:01            
 525550817754 EE  5514540751           2019-02-02   13:41    00:17:15            ep_svpsfe01
 525550817753 EE  5514540751           2019-02-02   13:42    00:11:43            ep_svpsfe01
 525550813258 II  11011011012          2019-02-02   13:43    00:00:08            EP_sdcxprsat1
 525550813500 II  525550813600         2019-02-02   13:45    00:00:55            ep_svpsfe01
 525550813514 II  90454612797600       2019-02-02   13:45    00:02:55 90230692   ep_svgsfe01
 525550813600 II  9018009873154        2019-02-02   13:46    00:01:43            ep_svgsfe01
 525550813258 II  11011011012          2019-02-02   13:47    00:00:07            EP_sdcxprsat1
 525550813500 II  525550813600         2019-02-02   13:48    00:01:04            ep_svpsfe01
 525550813500 II  525550813600         2019-02-02   13:49    00:00:50            ep_svpsfe01
 525550813600 II  528444112221         2019-02-02   13:49    00:00:11            EP_sdcxprsat1
 525550817481 II  11011011012          2019-02-02   13:50    00:00:06            EP_sdcxprsat1
 525550813500 II  525550813600         2019-02-02   13:50    00:00:50            ep_svpsfe01
 525550813600 II  525550813600         2019-02-02   13:50    00:01:32            ep_svpsfe01
 525550813600 II  9018006141488        2019-02-02   13:51    00:00:37            ep_svgsfe01
 525550817754 EE  5514540751           2019-02-02   13:51    00:16:10            ep_svpsfe01
 525550817753 EE  5514540751           2019-02-02   13:52    00:15:03            ep_svpsfe01
 525550817911 II  919969494            2019-02-02   13:53    00:00:40            ep_svgsfe01
 525550813258 II  11011011012          2019-02-02   13:56    00:00:08            EP_sdcxprsat2
 525550813500 II  525550813600         2019-02-02   13:56    00:00:49            ep_svpsfe01
 525550813111  8  525550813138         2019-02-02   13:57    00:00:46            
 525550813600 II  9018006141488        2019-02-02   13:57    00:06:08            ep_svgsfe01
 525550817680  8  525550817655         2019-02-02   13:57    00:00:15            
 525550817754 II  11011011012          2019-02-02   13:58    00:00:47            EP_sdcxprsat3
 525550813514 II  90456515138724       2019-02-02   14:00    00:02:44 90230692   ep_svgsfe01
 525550817754 II  958094768            2019-02-02   14:01    00:06:47            ep_svgsfe01
 525550813987 II  11011011012          2019-02-02   14:01    00:00:45            EP_sdcxprsat3
 525550817754 II  11011011012          2019-02-02   14:01    00:00:18            EP_sdcxprsat3
 525550813662 II  955632336            2019-02-02   14:02    00:01:35            ep_svgsfe01
 525550817754 II  11011011012          2019-02-02   14:02    00:00:30            EP_sdcxprsat3
 525550817754 II  11011011012          2019-02-02   14:04    00:00:05            EP_sdcxprsat1
 525550813649 II  90445569611121       2019-02-02   14:04    00:02:36 40645281   ep_svgsfe01
 525550817749 EE  5514540751           2019-02-02   14:05    00:00:32            ep_svpsfe01
 525550817749 EE  5514540751           2019-02-02   14:05    00:02:40            ep_svpsfe01
 525550817700 EE  5519956562           2019-02-02   14:06    00:07:34            ep_svpsfe01
 525550817504 II  921674038            2019-02-02   14:06    00:01:57            ep_svgsfe01
 525550817754 II  11011011012          2019-02-02   14:07    00:00:09            EP_sdcxprsat3
 525550817754 II  958094768            2019-02-02   14:07    00:11:52            ep_svgsfe01
 525550817753 EE  5514540751           2019-02-02   14:10    00:03:56            ep_svpsfe01
 525550817754 EE  5514540751           2019-02-02   14:10    00:16:20            ep_svpsfe01
 525550817794 II  11011011012          2019-02-02   14:14    00:00:04            EP_sdcxprsat3
 525550817484 II  11011011012          2019-02-02   14:14    00:00:04            EP_sdcxprsat1
 525550817911 EE  5514747708           2019-02-02   14:15    00:01:04            ep_svpsfe01
 525550817033 II  11011011012          2019-02-02   14:17    00:00:38            EP_sdcxprsat1
 525550817749 EE  5514540751           2019-02-02   14:18    00:00:02            ep_svpsfe01
 525550817749 EE  5514540751           2019-02-02   14:18    00:01:31            ep_svpsfe01
 525550817568 II  975838177            2019-02-02   14:18    00:02:24            ep_svgsfe01
 525550817753 EE  5514540751           2019-02-02   14:19    00:01:30            ep_svpsfe01
 525550817749 EE  5514540751           2019-02-02   14:21    00:01:30            ep_svpsfe01
 525550813514 EE  6461521459           2019-02-02   14:23    00:01:29            ep_svpsfe01
 525550817753 EE  5514540751           2019-02-02   14:23    00:07:07            ep_svpsfe01
 525550817504 II  9018444389250        2019-02-02   14:25    00:00:05 68699645   ep_svgsfe01
 525550813662 EE  6461521459           2019-02-02   14:26    00:00:14            ep_svpsfe01
 525550817504 II  9018444389250        2019-02-02   14:26    00:00:05 68699645   ep_svgsfe01
 525550817754 EE  5514540751           2019-02-02   14:27    00:01:50            ep_svpsfe01
 525550813514 II  9012464611469        2019-02-02   14:27    00:00:14 90230692   ep_svgsfe01
 525550813514 II  90452464903109       2019-02-02   14:28    00:03:14 90230692   ep_svgsfe01
 525550817749 EE  5514540751           2019-02-02   14:29    00:02:25            ep_svpsfe01
 525550817754 EE  5514540751           2019-02-02   14:29    00:26:43            ep_svpsfe01
 525550813405 II  11011011012          2019-02-02   14:30    00:00:33            EP_sdcxprsat1
 525550817753 EE  5514540751           2019-02-02   14:31    00:16:00            ep_svpsfe01
 525550817749 EE  5514540751           2019-02-02   14:32    00:04:18            ep_svpsfe01
 525550813464 II  11011011012          2019-02-02   14:32    00:00:05            EP_sdcxprsat2
 525550817754 II  11011011012          2019-02-02   14:33    00:00:07            EP_sdcxprsat3
 525550817754 II  11011011012          2019-02-02   14:34    00:01:22            EP_sdcxprsat2
 525550817753 II  11011011012          2019-02-02   14:35    00:00:07            EP_sdcxprsat3
 525550817754 II  11011011012          2019-02-02   14:36    00:00:07            EP_sdcxprsat3
 525550817415 II  11011011012          2019-02-02   14:36    00:00:33            EP_sdcxprsat1
 525550817754 II  958094768            2019-02-02   14:36    00:15:35            ep_svgsfe01
 525550813680 II  11011011012          2019-02-02   14:36    00:00:04            EP_sdcxprsat3
 525550817753 II  11011011012          2019-02-02   14:37    00:00:07            EP_sdcxprsat1
 525550817754 II  11011011012          2019-02-02   14:37    00:01:22            EP_sdcxprsat1
 525550817749 EE  5514540751           2019-02-02   14:38    00:02:40            ep_svpsfe01
 525550817780 II  11011011012          2019-02-02   14:39    00:00:21            EP_sdcxprsat1
 525550817754 II  11011011012          2019-02-02   14:42    00:01:26            EP_sdcxprsat2
 525550813644 II  11011011012          2019-02-02   14:42    00:00:14            EP_sdcxprsat3
 525550817749 EE  5514540751           2019-02-02   14:42    00:03:26            ep_svpsfe01
 525550813500 II  525550813600         2019-02-02   14:44    00:00:46            ep_svpsfe01
 525550813600 II  9018009873154        2019-02-02   14:44    00:00:18            ep_svgsfe01
 525550817504  8  528444112113         2019-02-02   14:47    00:02:41            
 525550817749 EE  5514540751           2019-02-02   14:49    00:02:06            ep_svpsfe01
 525550817753 EE  5514540751           2019-02-02   14:52    00:14:08            ep_svpsfe01
 525550813211 II  11011011012          2019-02-02   14:54    00:01:00            EP_sdcxprsat2
 525550817753 II  958094768            2019-02-02   14:55    00:10:51            ep_svgsfe01
 525550817753 II  11011011012          2019-02-02   14:55    00:04:45            EP_sdcxprsat2
 525550817754 EE  5514540751           2019-02-02   14:56    00:04:34            ep_svpsfe01
 525550813464 II  11011011012          2019-02-02   14:56    00:00:04            EP_sdcxprsat2
 525550817753  8  1234567890           2019-02-02   14:57    00:00:04            
 525550817033 II  11011011012          2019-02-02   14:59    00:00:23            EP_sdcxprsat3
 525550817504  8  528444112530         2019-02-02   14:59    00:10:55            
 525550817224 II  11011011012          2019-02-02   15:00    00:00:31            EP_sdcxprsat1
 525550817911 EE  5556658600           2019-02-02   15:00    00:02:18            ep_svpsfe01
 525550817026 II  11011011012          2019-02-02   15:03    00:00:04            EP_sdcxprsat1
 525550817753 EE  5514540751           2019-02-02   15:04    00:04:13            ep_svpsfe01
 525550817754 EE  5514540751           2019-02-02   15:07    00:01:18            ep_svpsfe01
 525550817568 II  975838177            2019-02-02   15:11    00:04:52            ep_svgsfe01
 525550813500 II  525550813600         2019-02-02   15:11    00:00:55            ep_svpsfe01
 525550813600 II  9018006141488        2019-02-02   15:12    00:00:19            ep_svgsfe01
 525550817754 EE  5514540751           2019-02-02   15:12    00:02:41            ep_svpsfe01
 525550817754 EE  5514540751           2019-02-02   15:16    00:00:32            ep_svpsfe01
 525550817754 EE  5514540751           2019-02-02   15:17    00:00:34            ep_svpsfe01
 525550813174  8  525550813150         2019-02-02   15:18    00:00:13            
 525550817753 EE  5514540751           2019-02-02   15:20    00:18:47            ep_svpsfe01
 525550817754 EE  5514540751           2019-02-02   15:21    00:02:24            ep_svpsfe01
 525550813484 II  11011011012          2019-02-02   15:24    00:00:37            EP_sdcxprsat2
 525550817520 II  90445525622621       2019-02-02   15:26    00:02:13 25144028   ep_svgsfe01
 525550813092 II  11011011012          2019-02-02   15:31    00:00:01            EP_sdcxprsat2
 525550817753 EE  5514540751           2019-02-02   15:43    00:00:05            ep_svpsfe01
 525550813174  8  525550817809         2019-02-02   15:46    00:00:48            
 525550813005 II  11011011012          2019-02-02   15:52    00:00:46            EP_sdcxprsat1
 525550817753 EE  5514540751           2019-02-02   15:52    00:00:51            ep_svpsfe01
 525550813484 II  11011011012          2019-02-02   15:53    00:00:31            EP_sdcxprsat3
 525550813158  8  525550817911         2019-02-02   15:54    00:00:35            
 525550817911 II  955162670            2019-02-02   15:58    00:01:59            ep_svgsfe01
 525550817753 EE  5514540751           2019-02-02   15:59    00:10:37            ep_svpsfe01
 525550813174  8  525550813150         2019-02-02   15:59    00:00:08            
 525550817700 II  9018677112500        2019-02-02   16:13    00:00:27 99278967   ep_svgsfe01
 525550813092 II  11011011012          2019-02-02   16:14    00:00:25            EP_sdcxprsat1
 525550817568 II  975838177            2019-02-02   16:20    00:18:24            ep_svgsfe01
 525550813680 II  11011011012          2019-02-02   16:29    00:00:04            EP_sdcxprsat3
 525550817753 EE  5514540751           2019-02-02   16:40    00:03:41            ep_svpsfe01
 525550813224  8  525550813280         2019-02-02   16:45    00:17:59            
 525550817911 EE  5528790864           2019-02-02   16:52    00:00:51            ep_svpsfe01
 525550817911  8  525550813150         2019-02-02   16:53    00:00:36            
 525550813221 II  11011011012          2019-02-02   17:11    00:00:04            EP_sdcxprsat1
 525550813429 II  11011011012          2019-02-02   17:13    00:00:30            EP_sdcxprsat1
 525550817504 EE  5544993790           2019-02-02   17:34    00:40:49            ep_svpsfe01
 525550813054 II  11011011012          2019-02-02   17:35    00:00:37            EP_sdcxprsat1
 525550817504 II  9018442719578        2019-02-02   17:40    00:35:19 68699645   ep_svgsfe01
 525550817504  8  1234567890           2019-02-02   17:40    00:35:11            
 525550817404 II  11011011012          2019-02-02   17:42    00:01:01            EP_sdcxprsat2
 525550817700 II  9018677112107        2019-02-02   17:47    00:00:03 99278967   ep_svgsfe01
 525550817911 EE  5544164745           2019-02-02   17:59    00:01:38            ep_svpsfe01
 525550817966 II  11011011012          2019-02-02   18:02    00:00:11            EP_sdcxprsat3
 525550817282 II  11011011012          2019-02-02   18:07    00:00:04            EP_sdcxprsat3
 525550813644 II  11011011012          2019-02-02   18:12    00:00:23            EP_sdcxprsat1
 525550813680 II  11011011012          2019-02-02   18:18    00:00:04            EP_sdcxprsat2
 525550817920 II  11011011012          2019-02-02   18:19    00:00:31            EP_sdcxprsat3
 525550817911 EE  5525603395           2019-02-02   18:20    00:01:02            ep_svpsfe01
 525550813500 II  525550813600         2019-02-02   18:20    00:00:50            ep_svpsfe01
 525550817911  8  525550813173         2019-02-02   18:21    00:00:24            
 525550813600 II  9018009873154        2019-02-02   18:21    00:00:21            ep_svgsfe01
 525550817911 EE  5557354843           2019-02-02   18:25    00:00:53            ep_svpsfe01
 525550817911  8  525550813172         2019-02-02   18:25    00:00:18            
 525550813172 EE  5557354843           2019-02-02   18:26    00:01:14            ep_svpsfe01
 525550817404 II  11011011012          2019-02-02   18:44    00:01:00            EP_sdcxprsat2
 525550817149 II  11011011012          2019-02-02   18:58    00:00:35            EP_sdcxprsat3
 525550813500 II  525550813600         2019-02-02   19:44    00:00:55            ep_svpsfe01
 525550813600 II  9018009873154        2019-02-02   19:45    00:00:27            ep_svgsfe01
 525550813060 II  11011011012          2019-02-02   19:54    00:00:04            EP_sdcxprsat2
 525550817655  8  525550817911         2019-02-02   20:00    00:00:09            
 525550813000 II  9019933109984        2019-02-02   20:15    00:26:31            ep_svgsfe01
 525550813174  8  525552674821         2019-02-02   20:23    00:05:35            
 525550817911 EE  5512463826           2019-02-02   20:55    00:00:58            ep_svpsfe01
 525550813054 II  11011011012          2019-02-02   21:15    00:00:21            EP_sdcxprsat3
 525550813158  8  525550817911         2019-02-02   21:40    00:00:51            
 525550817700 II  11011011012          2019-02-02   21:52    00:00:04            EP_sdcxprsat3
 525550813221 II  11011011012          2019-02-02   22:02    00:00:04            EP_sdcxprsat3
 525550813443 II  11011011012          2019-02-02   22:08    00:00:05            EP_sdcxprsat1
 525550817809 II  968136322            2019-02-02   23:37    00:00:29            ep_svgsfe01
