 527222795960  8  527222795923         2019-02-02   00:02    00:00:56            
 527222795922  8  527222795960         2019-02-02   00:04    00:03:51            
 527222795022  8  527222795282         2019-02-02   00:11    00:00:12            
 527222795214  8  521012795395         2019-02-02   00:15    00:01:03            
 527222795217  8  521012795315         2019-02-02   00:24    00:00:12            
 527222795068  8  521012795368         2019-02-02   00:25    00:00:13            
 527222795960  8  527222795922         2019-02-02   00:26    00:00:37            
 527222795960  8  527222795923         2019-02-02   00:31    00:03:08            
 527222795929  8  527222795923         2019-02-02   00:34    00:00:37            
 527222795025  8  527222795022         2019-02-02   00:38    00:00:51            
 527222795963 II  521012795600         2019-02-02   00:39    00:00:11            ep_todaa1
 527222795091  8  521012795366         2019-02-02   00:45    00:00:50            
 527222795210  8  527222795022         2019-02-02   00:50    00:04:14            
 527222795121  8  527222795279         2019-02-02   00:56    00:00:55            
 527222795163  8  521012795366         2019-02-02   00:56    00:00:42            
 527222795279  8  527222795217         2019-02-02   00:57    00:00:33            
 527222795295  8  521012795368         2019-02-02   00:58    00:02:14            
 527222795700  8  527222795703         2019-02-02   01:00    00:00:48            
 527222795165 II  11011011012          2019-02-02   01:01    00:00:09            EP_sdcxprsat3
 527222795165 II  11011011012          2019-02-02   01:02    00:00:10            EP_sdcxprsat2
 527222795165 II  11011011012          2019-02-02   01:03    00:00:05            EP_sdcxprsat2
 527222795165 II  11011011012          2019-02-02   01:03    00:00:23            EP_sdcxprsat3
 527222795165 II  11011011012          2019-02-02   01:04    00:00:08            EP_sdcxprsat3
 527222795068  8  521012795366         2019-02-02   01:05    00:01:12            
 527222795923  8  527222795960         2019-02-02   01:06    00:04:27            
 527222795283  8  521012795366         2019-02-02   01:06    00:00:53            
 527222795140 II  11011011012          2019-02-02   01:09    00:00:04            EP_sdcxprsat2
 527222795283  8  521012795366         2019-02-02   01:09    00:00:45            
 527222795140  8  521012795368         2019-02-02   01:09    00:00:51            
 527222795279  8  527222795269         2019-02-02   01:10    00:01:21            
 527222795279  8  521012795556         2019-02-02   01:11    00:00:16            
 527222795269  8  527222795252         2019-02-02   01:12    00:00:01            
 527222795252 II  11011011012          2019-02-02   01:13    00:00:05            EP_sdcxprsat3
 527222795960 EE  5546132618           2019-02-02   01:14    00:01:32            ep_todprx1
 527222795187  8  521012795366         2019-02-02   01:16    00:00:15            
 527222795265  8  521012795404         2019-02-02   01:17    00:02:34            
 527222795080 **  92990838             2019-02-02   01:17    00:01:05            ep_svptmx01
 527222795265  8  527222795080         2019-02-02   01:23    00:01:49            
 527222795080 **  92990838             2019-02-02   01:25    00:00:45            ep_svptmx01
 527222795279 II  11011011012          2019-02-02   01:35    00:00:01            EP_sdcxprsat3
 527222795206 II  11011011012          2019-02-02   01:36    00:00:02            EP_sdcxprsat3
 527222795279  8  521012795556         2019-02-02   01:36    00:00:27            
 527222795206 II  11011011012          2019-02-02   01:36    00:00:03            EP_sdcxprsat2
 527222795206 II  11011011012          2019-02-02   01:38    00:00:02            EP_sdcxprsat2
 527222795206 II  11011011012          2019-02-02   01:39    00:00:03            EP_sdcxprsat2
 527222795080  8  527222795206         2019-02-02   01:43    00:02:46            
 527222795700  8  527222795703         2019-02-02   01:47    00:00:23            
 527222795265  8  527222795080         2019-02-02   01:48    00:06:17            
 527222795910 II  521012795600         2019-02-02   01:53    00:00:12            ep_todaa1
 527222795265  8  527222795080         2019-02-02   02:00    00:00:13            
 527222795000 II  11099990003          2019-02-02   02:03    00:00:35            ep_svptmx01
 527222795282  8  521012795408         2019-02-02   02:17    00:00:21            
 527222795000 II  11099990003          2019-02-02   02:18    00:00:40            ep_svptmx01
 527222795080 EE  8118154573           2019-02-02   02:19    00:03:50            ep_svptmx01
 527222795963 II  521012795600         2019-02-02   02:21    00:00:22            ep_todaa1
 527222795080 **  92990838             2019-02-02   02:25    00:00:46            ep_svptmx01
 527222795214  8  521012795395         2019-02-02   02:37    00:00:25            
 527222795711  8  521012795395         2019-02-02   02:37    00:00:12            
 527222795214  8  521012795395         2019-02-02   02:37    00:00:09            
 527222795214  8  521012795395         2019-02-02   02:38    00:00:49            
 527222795231  8  521012795369         2019-02-02   02:45    00:01:59            
 527222795217  8  521012795315         2019-02-02   02:54    00:00:23            
 527222795269  8  527222795265         2019-02-02   02:57    00:00:16            
 527222795134  8  521012795412         2019-02-02   03:17    00:00:33            
 527222795080  8  521012795394         2019-02-02   03:19    00:01:41            
 527222795000 II  11099990003          2019-02-02   03:26    00:00:29            ep_svptmx01
 527222795217  8  521012795315         2019-02-02   03:51    00:00:22            
 527222795000 II  11099990003          2019-02-02   03:53    00:00:19            ep_svptmx01
 527222795000 II  11099990003          2019-02-02   03:54    00:00:39            ep_svptmx01
 527222795000 II  11099990003          2019-02-02   03:55    00:00:32            ep_svptmx01
 527222795760 EE  7224988721           2019-02-02   03:56    00:07:41            ep_svptmx01
 527222795068  8  521012795859         2019-02-02   04:13    00:00:47            
 527222795252  8  527222795265         2019-02-02   04:15    00:00:26            
 527222795910  8  527222795924         2019-02-02   04:17    00:00:34            
 527222795904  8  527222795922         2019-02-02   04:21    00:00:09            
 527222795106  8  521012795366         2019-02-02   04:23    00:00:38            
 527222795279  8  521012795411         2019-02-02   04:35    00:01:43            
 527222795121  8  521012795368         2019-02-02   04:48    00:00:32            
 527222795245  8  527222795230         2019-02-02   04:55    00:01:46            
 527222795711  8  521012795395         2019-02-02   05:43    00:00:13            
 527222795924  8  527222795923         2019-02-02   05:51    00:01:39            
 527222795924  8  527222795960         2019-02-02   05:53    00:00:15            
 527222795206  8  521012795323         2019-02-02   05:58    00:00:26            
 527222795080  8  527222795265         2019-02-02   06:05    00:00:18            
 527222795080 II  11011011012          2019-02-02   06:05    00:00:04            EP_sdcxprsat3
 527222795000 II  11099990003          2019-02-02   06:05    00:00:03            ep_svptmx01
 527222795206  8  521012795323         2019-02-02   06:09    00:00:10            
 527222795000 II  11099990003          2019-02-02   06:12    00:00:27            ep_svptmx01
 527222795000 II  11099990003          2019-02-02   06:13    00:00:26            ep_svptmx01
 527222795279  8  521012795556         2019-02-02   06:17    00:00:20            
 527222795264  8  521012795336         2019-02-02   06:18    00:09:08            
 527222795080  8  527222795265         2019-02-02   06:22    00:01:03            
 527222795068  8  521012795859         2019-02-02   06:23    00:00:11            
 527222795265  8  527222795144         2019-02-02   06:28    00:00:16            
 527222795960  8  527222795924         2019-02-02   06:31    00:00:20            
 527222795924  8  527222795923         2019-02-02   06:33    00:00:31            
 527222795080  8  527222795206         2019-02-02   06:34    00:00:17            
 527222795923  8  527222795960         2019-02-02   06:35    00:00:05            
 527222795960  8  527222795923         2019-02-02   06:35    00:03:52            
 527222795214  8  521012795404         2019-02-02   06:38    00:00:48            
 527222795252  8  527222795279         2019-02-02   06:41    00:00:24            
 527222795922  8  527222795924         2019-02-02   06:42    00:01:33            
 527222795279  8  521012795408         2019-02-02   06:42    00:00:30            
 527222795923  8  527222795960         2019-02-02   07:09    00:01:10            
 527222795206  8  521012795323         2019-02-02   07:12    00:00:08            
 527222795214  8  521012795395         2019-02-02   07:21    00:03:04            
 527222795103  8  521012795408         2019-02-02   07:26    00:01:15            
 527222795960  8  527222795922         2019-02-02   07:46    00:00:25            
 527222795214  8  521012795395         2019-02-02   07:47    00:00:53            
 527222795035  8  527222795700         2019-02-02   07:50    00:01:47            
 527222795700  8  527222795703         2019-02-02   08:03    00:00:17            
 527222795282 EE  7224920832           2019-02-02   08:09    00:00:38            ep_svptmx01
 527222795163  8  521012795368         2019-02-02   08:11    00:00:43            
 527222795163  8  521012795368         2019-02-02   08:14    00:00:17            
 527222795214  8  527222795207         2019-02-02   08:15    00:00:16            
 527222795214  8  527222795282         2019-02-02   08:16    00:00:18            
 527222795173  8  527222795028         2019-02-02   08:17    00:05:57            
 527222795214  8  521012795314         2019-02-02   08:17    00:01:27            
 527222795232 II  11011011012          2019-02-02   08:18    00:00:02            EP_sdcxprsat1
 527222795291  8  521012795410         2019-02-02   08:20    00:00:15            
 527222795092 II  11011011012          2019-02-02   08:22    00:00:04            EP_sdcxprsat3
 527222795000 II  11099990003          2019-02-02   08:22    00:00:04            ep_svptmx01
 527222795282 EE  5272236014           2019-02-02   08:22    00:00:41            ep_svptmx01
 527222795000 II  11099990003          2019-02-02   08:22    00:00:37            ep_svptmx01
 527222795187  8  521012795368         2019-02-02   08:30    00:00:19            
 527222795252 II  11011011012          2019-02-02   08:31    00:00:02            EP_sdcxprsat2
 527222795207  8  521012795312         2019-02-02   08:31    00:00:11            
 527222795068  8  521012795653         2019-02-02   08:35    00:00:23            
 527222795207  8  521012795426         2019-02-02   08:36    00:07:26            
 527222795000 II  11099990003          2019-02-02   08:42    00:00:04            ep_svptmx01
 527222795923  8  527222795922         2019-02-02   08:44    00:00:21            
 527222795962 II  11011011012          2019-02-02   08:44    00:00:35            EP_sdcxprsat2
 527222795923  8  527222795904         2019-02-02   08:44    00:00:12            
 527222795923  8  527222795960         2019-02-02   08:45    00:01:12            
 527222795962 II  11011011012          2019-02-02   08:48    00:00:35            EP_sdcxprsat2
 527222795923  8  527222795904         2019-02-02   08:49    00:03:35            
 527222795000 II  11099990003          2019-02-02   08:49    00:00:18            ep_svptmx01
 527222795922  8  527222795960         2019-02-02   08:51    00:01:24            
 527222795904  8  527222795923         2019-02-02   08:53    00:00:34            
 527222795700 EE  7225559421           2019-02-02   08:56    00:01:36            ep_svptmx01
 527222795922  8  527222795904         2019-02-02   08:58    00:00:12            
 527222795923  8  527222795904         2019-02-02   08:59    00:04:57            
 527222795050 II  11011011012          2019-02-02   09:00    00:00:01            EP_sdcxprsat3
 527222795000 II  11099990003          2019-02-02   09:01    00:00:04            ep_svptmx01
 527222795000 II  11099990003          2019-02-02   09:07    00:00:05            ep_svptmx01
 527222795291  8  521012795435         2019-02-02   09:07    00:00:21            
 527222795000 II  11099990003          2019-02-02   09:09    00:00:05            ep_svptmx01
 527222795028  8  521012795435         2019-02-02   09:14    00:02:02            
 527222795206 EE  7224920596           2019-02-02   09:15    00:00:45            ep_svptmx01
 527222795000 II  11099990003          2019-02-02   09:19    00:00:37            ep_svptmx01
 527222795000 II  11099990003          2019-02-02   09:20    00:00:37            ep_svptmx01
 527222795284  8  527222795282         2019-02-02   09:20    00:01:53            
 527222795284  8  521012795314         2019-02-02   09:23    00:03:52            
 527222795762  8  521012795366         2019-02-02   09:24    00:00:49            
 527222795000 II  11099990003          2019-02-02   09:25    00:00:23            ep_svptmx01
 527222795252  8  527222795265         2019-02-02   09:26    00:00:54            
 527222795000 II  11099990003          2019-02-02   09:29    00:00:05            ep_svptmx01
 527222795214  8  521012795314         2019-02-02   09:31    00:00:16            
 527222795000 II  11099990003          2019-02-02   09:33    00:00:04            ep_svptmx01
 527222795282 EE  7221071036           2019-02-02   09:34    00:00:44            ep_svptmx01
 527222795282 EE  7221071036           2019-02-02   09:35    00:00:18            ep_svptmx01
 527222795000 II  11099990003          2019-02-02   09:39    00:00:04            ep_svptmx01
 527222795000 II  11099990003          2019-02-02   09:39    00:00:37            ep_svptmx01
 527222795000 II  11099990003          2019-02-02   09:40    00:00:19            ep_svptmx01
 527222795283 II  11011011012          2019-02-02   09:41    00:00:23            EP_sdcxprsat2
 527222795283  8  521012795368         2019-02-02   09:42    00:01:24            
 527222795000 II  11099990003          2019-02-02   09:43    00:00:31            ep_svptmx01
 527222795170 II  11011011012          2019-02-02   09:43    00:00:06            EP_sdcxprsat2
 527222795000 II  11099990003          2019-02-02   09:44    00:00:38            ep_svptmx01
 527222795000 II  11099990003          2019-02-02   09:46    00:00:09            ep_svptmx01
 527222795000 II  11099990003          2019-02-02   09:49    00:00:36            ep_svptmx01
 527222795000 II  11099990003          2019-02-02   09:50    00:00:04            ep_svptmx01
 527222795074  8  527222795282         2019-02-02   09:50    00:00:50            
 527222795092  8  525550817504         2019-02-02   09:50    00:07:35            
 527222795000 II  11099990003          2019-02-02   09:53    00:00:37            ep_svptmx01
 527222795922  8  527222795904         2019-02-02   09:53    00:00:12            
 527222795922  8  527222795960         2019-02-02   09:54    00:01:13            
 527222795000 II  11099990003          2019-02-02   09:55    00:00:37            ep_svptmx01
 527222795762  8  521012795366         2019-02-02   09:56    00:00:21            
 527222795026 II  11011011012          2019-02-02   09:57    00:00:17            EP_sdcxprsat2
 527222795028  8  527222795026         2019-02-02   09:58    00:00:43            
 527222795000 II  11099990003          2019-02-02   10:00    00:00:37            ep_svptmx01
 527222795184 II  11011011012          2019-02-02   10:02    00:00:07            EP_sdcxprsat1
 527222795924  8  527222795960         2019-02-02   10:02    00:00:32            
 527222795184  8  525550817520         2019-02-02   10:03    00:07:33            
 527222795000 II  11099990003          2019-02-02   10:12    00:00:04            ep_svptmx01
 527222795000 II  11099990003          2019-02-02   10:13    00:00:37            ep_svptmx01
 527222795000 II  11099990003          2019-02-02   10:13    00:00:04            ep_svptmx01
 527222795000 II  11099990003          2019-02-02   10:14    00:00:32            ep_svptmx01
 527222795284  8  521012795314         2019-02-02   10:14    00:12:29            
 527222795000 II  11099990003          2019-02-02   10:15    00:00:31            ep_svptmx01
 527222795032 II  11011011012          2019-02-02   10:15    00:00:04            EP_sdcxprsat1
 527222795265 II  11011011012          2019-02-02   10:15    00:00:03            EP_sdcxprsat3
 527222795026  8  527222795028         2019-02-02   10:15    00:00:58            
 527222795217  8  527222795279         2019-02-02   10:15    00:00:20            
 527222795000 II  11099990003          2019-02-02   10:16    00:00:04            ep_svptmx01
 527222795000 II  11099990003          2019-02-02   10:17    00:00:05            ep_svptmx01
 527222795000 II  11099990003          2019-02-02   10:17    00:00:27            ep_svptmx01
 527222795026  8  527222795028         2019-02-02   10:17    00:00:28            
 527222795000 II  11099990003          2019-02-02   10:18    00:00:04            ep_svptmx01
 527222795026  8  527222795207         2019-02-02   10:19    00:01:34            
 527222795000 II  11099990003          2019-02-02   10:20    00:00:37            ep_svptmx01
 527222795000 II  11099990003          2019-02-02   10:21    00:00:26            ep_svptmx01
 527222795771 II  11011011012          2019-02-02   10:21    00:00:05            EP_sdcxprsat2
 527222795000 II  11099990003          2019-02-02   10:22    00:00:37            ep_svptmx01
 527222795279  8  527222795217         2019-02-02   10:24    00:00:27            
 527222795282 EE  7291076670           2019-02-02   10:27    00:00:35            ep_svptmx01
 527222795000 II  11099990003          2019-02-02   10:28    00:00:27            ep_svptmx01
 527222795000 II  11099990003          2019-02-02   10:29    00:00:09            ep_svptmx01
 527222795702 EE  7224926082           2019-02-02   10:31    00:00:15            ep_svptmx01
 527222795000 II  11099990003          2019-02-02   10:32    00:00:31            ep_svptmx01
 527222795000 II  11099990003          2019-02-02   10:32    00:00:27            ep_svptmx01
 527222795000 II  11099990003          2019-02-02   10:33    00:00:31            ep_svptmx01
 527222795000 II  11099990003          2019-02-02   10:33    00:00:31            ep_svptmx01
 527222795000 II  11099990003          2019-02-02   10:36    00:00:25            ep_svptmx01
 527222795217  8  521012795315         2019-02-02   10:36    00:00:20            
 527222795000 II  11099990003          2019-02-02   10:39    00:00:04            ep_svptmx01
 527222795252 II  11011011012          2019-02-02   10:39    00:00:04            EP_sdcxprsat3
 527222795000 II  11099990003          2019-02-02   10:40    00:00:04            ep_svptmx01
 527222795000 II  11099990003          2019-02-02   10:41    00:00:28            ep_svptmx01
 527222795000 II  11099990003          2019-02-02   10:42    00:00:27            ep_svptmx01
 527222795207  8  521012795426         2019-02-02   10:45    00:07:09            
 527222795026  8  527222795028         2019-02-02   10:46    00:01:47            
 527222795028 II  11011011012          2019-02-02   10:47    00:00:12            EP_sdcxprsat1
 527222795000 II  11099990003          2019-02-02   10:47    00:00:04            ep_svptmx01
 527222795000 II  11099990003          2019-02-02   10:50    00:00:26            ep_svptmx01
 527222795000 II  11099990003          2019-02-02   10:51    00:00:21            ep_svptmx01
 527222795026 II  11011011012          2019-02-02   10:52    00:00:03            EP_sdcxprsat2
 527222795026  8  527222795711         2019-02-02   10:52    00:10:40            
 527222795000 II  11099990003          2019-02-02   10:56    00:00:20            ep_svptmx01
 527222795028 II  11011011012          2019-02-02   11:00    00:00:02            EP_sdcxprsat3
 527222795217  8  521012795408         2019-02-02   11:02    00:01:00            
 527222795923  8  527222795960         2019-02-02   11:03    00:00:08            
 527222795711  8  521012795404         2019-02-02   11:06    00:01:53            
 527222795925 EE  8119415358           2019-02-02   11:08    00:01:22            ep_todprx1
 527222795000 II  11099990003          2019-02-02   11:09    00:00:37            ep_svptmx01
 527222795745 II  11011011012          2019-02-02   11:10    00:00:04            EP_sdcxprsat3
 527222795000 II  11099990003          2019-02-02   11:12    00:00:37            ep_svptmx01
 527222795000 II  11099990003          2019-02-02   11:12    00:00:11            ep_svptmx01
 527222795000 II  11099990003          2019-02-02   11:13    00:00:26            ep_svptmx01
 527222795000 II  11099990003          2019-02-02   11:15    00:00:13            ep_svptmx01
 527222795000 II  11099990003          2019-02-02   11:16    00:00:29            ep_svptmx01
 527222795021  8  527222795155         2019-02-02   11:17    00:33:48            
 527222795269 II  11011011012          2019-02-02   11:18    00:00:05            EP_sdcxprsat3
 527222795265  8  527222795252         2019-02-02   11:18    00:00:51            
 527222795904  8  527222795960         2019-02-02   11:22    00:00:16            
 527222795000 II  11099990003          2019-02-02   11:26    00:00:37            ep_svptmx01
 527222795192  8  521012795426         2019-02-02   11:30    00:00:43            
 527222795050 II  11011011012          2019-02-02   11:31    00:00:09            EP_sdcxprsat1
 527222795000 II  11099990003          2019-02-02   11:31    00:00:31            ep_svptmx01
 527222795705 EE  5550075557           2019-02-02   11:32    00:13:20            ep_svptmx01
 527222795000 II  11099990003          2019-02-02   11:32    00:00:05            ep_svptmx01
 527222795000 II  11099990003          2019-02-02   11:32    00:00:04            ep_svptmx01
 527222795000 II  11099990003          2019-02-02   11:33    00:00:05            ep_svptmx01
 527222795000 II  11099990003          2019-02-02   11:34    00:00:20            ep_svptmx01
 527222795000 II  11099990003          2019-02-02   11:35    00:00:29            ep_svptmx01
 527222795923  8  527222795960         2019-02-02   11:44    00:00:17            
 527222795000 II  11099990003          2019-02-02   11:45    00:00:37            ep_svptmx01
 527222795050 II  11011011012          2019-02-02   11:47    00:00:08            EP_sdcxprsat2
 527222795279  8  527222795217         2019-02-02   11:53    00:00:06            
 527222795000 II  11099990003          2019-02-02   11:56    00:00:04            ep_svptmx01
 527222795000 II  11099990003          2019-02-02   11:57    00:00:33            ep_svptmx01
 527222795000 II  11099990003          2019-02-02   12:01    00:00:37            ep_svptmx01
 527222795050 II  11011011012          2019-02-02   12:02    00:00:06            EP_sdcxprsat1
 527222795251  8  521012795826         2019-02-02   12:03    00:00:20            
 527222795279 II  11011011012          2019-02-02   12:04    00:00:03            EP_sdcxprsat2
 527222795279 II  527222795952         2019-02-02   12:04    00:00:04            EP_sdcxprsat1
 527222795000 II  11099990003          2019-02-02   12:05    00:00:37            ep_svptmx01
 527222795000 II  11099990003          2019-02-02   12:06    00:00:38            ep_svptmx01
 527222795723  8  527222795229         2019-02-02   12:06    00:00:20            
 527222795923  8  527222795960         2019-02-02   12:06    00:00:09            
 527222795924  8  527222795960         2019-02-02   12:06    00:01:47            
 527222795000 II  11099990003          2019-02-02   12:07    00:00:31            ep_svptmx01
 527222795279  8  521012795315         2019-02-02   12:10    00:00:43            
 527222795960  8  527222795924         2019-02-02   12:10    00:00:14            
 527222795092 II  11011011012          2019-02-02   12:11    00:00:04            EP_sdcxprsat3
 527222795790 II  11011011012          2019-02-02   12:12    00:00:03            EP_sdcxprsat2
 527222795000 II  11099990003          2019-02-02   12:13    00:00:52            ep_svptmx01
 527222795711  8  527222795026         2019-02-02   12:13    00:03:55            
 527222795762  8  521012795366         2019-02-02   12:15    00:00:45            
 527222795050 II  11011011012          2019-02-02   12:18    00:00:08            EP_sdcxprsat2
 527222795000 II  11099990003          2019-02-02   12:19    00:00:05            ep_svptmx01
 527222795092 II  11011011012          2019-02-02   12:21    00:00:03            EP_sdcxprsat2
 527222795000 II  11099990003          2019-02-02   12:21    00:00:37            ep_svptmx01
 527222795279  8  521012795315         2019-02-02   12:22    00:01:55            
 527222795068  8  521012795366         2019-02-02   12:22    00:00:32            
 527222795000 II  11099990003          2019-02-02   12:23    00:00:10            ep_svptmx01
 527222795217  8  521012795315         2019-02-02   12:24    00:00:17            
 527222795000 II  11099990003          2019-02-02   12:28    00:00:26            ep_svptmx01
 527222795925 II  92126010             2019-02-02   12:29    00:04:25 42287400   ep_todprx1
 527222795092 II  11011011012          2019-02-02   12:32    00:00:03            EP_sdcxprsat1
 527222795000 II  11099990003          2019-02-02   12:34    00:00:05            ep_svptmx01
 527222795050 II  11011011012          2019-02-02   12:34    00:00:07            EP_sdcxprsat3
 527222795960  8  527222795922         2019-02-02   12:37    00:00:35            
 527222795000 II  11099990003          2019-02-02   12:39    00:00:04            ep_svptmx01
 527222795906 II  11011011012          2019-02-02   12:41    00:00:04            EP_sdcxprsat2
 527222795906 II  11011011012          2019-02-02   12:42    00:00:04            EP_sdcxprsat3
 527222795279 EE  5519901375           2019-02-02   12:44    00:00:25            ep_svptmx01
 527222795000 II  11099990003          2019-02-02   12:45    00:00:46            ep_svptmx01
 527222795279  8  521012795408         2019-02-02   12:45    00:00:16            
 527222795000 II  11099990003          2019-02-02   12:47    00:00:37            ep_svptmx01
 527222795000 II  11099990003          2019-02-02   12:49    00:00:05            ep_svptmx01
 527222795000 II  11099990003          2019-02-02   12:49    00:00:04            ep_svptmx01
 527222795092  8  525550817504         2019-02-02   12:52    00:06:30            
 527222795000 II  11099990003          2019-02-02   12:53    00:00:19            ep_svptmx01
 527222795000 II  11099990003          2019-02-02   12:56    00:00:20            ep_svptmx01
 527222795901  8  527222795922         2019-02-02   12:58    00:00:15            
 527222795923  8  527222795960         2019-02-02   13:02    00:00:09            
 527222795000 II  11099990003          2019-02-02   13:02    00:00:33            ep_svptmx01
 527222795000 II  11099990003          2019-02-02   13:03    00:00:37            ep_svptmx01
 527222795000 II  11099990003          2019-02-02   13:06    00:00:05            ep_svptmx01
 527222795000 II  11099990003          2019-02-02   13:07    00:00:34            ep_svptmx01
 527222795170 II  11011011012          2019-02-02   13:09    00:00:04            EP_sdcxprsat2
 527222795000 II  11099990003          2019-02-02   13:11    00:00:04            ep_svptmx01
 527222795923 EE  5562956999           2019-02-02   13:11    00:00:27            ep_todprx1
 527222795000 II  11099990003          2019-02-02   13:13    00:00:21            ep_svptmx01
 527222795000 II  11099990003          2019-02-02   13:13    00:00:05            ep_svptmx01
 527222795000 II  11099990003          2019-02-02   13:13    00:00:29            ep_svptmx01
 527222795705 EE  5550075557           2019-02-02   13:14    00:09:03            ep_svptmx01
 527222795207  8  521012795396         2019-02-02   13:16    00:00:01            
 527222795000 II  11099990003          2019-02-02   13:16    00:00:36            ep_svptmx01
 527222795068  8  527222795207         2019-02-02   13:17    00:01:22            
 527222795000 II  11099990003          2019-02-02   13:18    00:00:34            ep_svptmx01
 527222795702  8  521012795306         2019-02-02   13:20    00:00:13            
 527222795702  8  521012795306         2019-02-02   13:22    00:02:00            
 527222795000 II  11099990003          2019-02-02   13:22    00:00:37            ep_svptmx01
 527222795000 II  11099990003          2019-02-02   13:23    00:00:15            ep_svptmx01
 527222795000 II  11099990003          2019-02-02   13:24    00:00:04            ep_svptmx01
 527222795000 II  11099990003          2019-02-02   13:30    00:00:03            ep_svptmx01
 527222795000 II  11099990003          2019-02-02   13:32    00:00:37            ep_svptmx01
 527222795000 II  11099990003          2019-02-02   13:32    00:00:39            ep_svptmx01
 527222795214  8  521012795314         2019-02-02   13:33    00:01:41            
 527222795000 II  11099990003          2019-02-02   13:41    00:00:22            ep_svptmx01
 527222795000 II  11099990003          2019-02-02   13:44    00:00:10            ep_svptmx01
 527222795000 II  11099990003          2019-02-02   13:45    00:00:19            ep_svptmx01
 527222795000 II  11099990003          2019-02-02   13:46    00:00:04            ep_svptmx01
 527222795000 II  11099990003          2019-02-02   13:49    00:00:04            ep_svptmx01
 527222795000 II  11099990003          2019-02-02   13:53    00:00:04            ep_svptmx01
 527222795000 II  11099990003          2019-02-02   13:54    00:00:04            ep_svptmx01
 527222795217  8  521012795408         2019-02-02   13:55    00:00:08            
 527222795745 II  11011011012          2019-02-02   14:02    00:00:04            EP_sdcxprsat1
 527222795783 II  11011011012          2019-02-02   14:02    00:00:45            EP_sdcxprsat2
 527222795962 II  11011011012          2019-02-02   14:03    00:02:55            EP_sdcxprsat3
 527222795206 II  11011011012          2019-02-02   14:05    00:00:06            EP_sdcxprsat1
 527222795000 II  11099990003          2019-02-02   14:08    00:00:21            ep_svptmx01
 527222795771 **  92378476             2019-02-02   14:08    00:00:14            ep_svptmx01
 527222795283  8  527222795700         2019-02-02   14:10    00:00:11            
 527222795700  8  527222795703         2019-02-02   14:10    00:00:06            
 527222795000 II  11099990003          2019-02-02   14:10    00:00:37            ep_svptmx01
 527222795000 II  11099990003          2019-02-02   14:11    00:00:26            ep_svptmx01
 527222795723  8  521012795343         2019-02-02   14:13    00:00:53            
 527222795000 II  11099990003          2019-02-02   14:13    00:00:13            ep_svptmx01
 527222795000 II  11099990003          2019-02-02   14:14    00:00:25            ep_svptmx01
 527222795286 II  11011011012          2019-02-02   14:22    00:00:13            EP_sdcxprsat3
 527222795187 II  11011011012          2019-02-02   14:27    00:00:03            EP_sdcxprsat2
 527222795282 EE  7221681738           2019-02-02   14:27    00:00:38            ep_svptmx01
 527222795026  8  521012795326         2019-02-02   14:28    00:04:53            
 527222795000 II  11099990003          2019-02-02   14:33    00:00:05            ep_svptmx01
 527222795000 II  11099990003          2019-02-02   14:34    00:00:04            ep_svptmx01
 527222795279  8  527222795187         2019-02-02   14:41    00:00:22            
 527222795000 II  11099990003          2019-02-02   14:45    00:00:37            ep_svptmx01
 527222795207  8  521012795650         2019-02-02   14:46    00:01:37            
 527222795000 II  11099990003          2019-02-02   14:46    00:00:04            ep_svptmx01
 527222795000 II  11099990003          2019-02-02   14:48    00:00:37            ep_svptmx01
 527222795264  8  521012795366         2019-02-02   14:48    00:00:29            
 527222795000 II  11099990003          2019-02-02   14:50    00:00:04            ep_svptmx01
 527222795026  8  521012795312         2019-02-02   14:51    00:01:47            
 527222795207  8  521012795312         2019-02-02   14:54    00:03:26            
 527222795000 II  11099990003          2019-02-02   14:54    00:00:04            ep_svptmx01
 527222795026  8  521012795326         2019-02-02   14:55    00:06:17            
 527222795026  8  521012795326         2019-02-02   15:05    00:00:48            
 527222795000 II  11099990003          2019-02-02   15:06    00:00:04            ep_svptmx01
 527222795000 II  11099990003          2019-02-02   15:08    00:00:37            ep_svptmx01
 527222795032 II  11011011012          2019-02-02   15:11    00:00:04            EP_sdcxprsat1
 527222795050 II  11011011012          2019-02-02   15:12    00:00:07            EP_sdcxprsat1
 527222795091  8  525550817520         2019-02-02   15:16    00:21:56            
 527222795000 II  11099990003          2019-02-02   15:18    00:00:39            ep_svptmx01
 527222795217  8  521012795315         2019-02-02   15:18    00:00:11            
 527222795187  8  527222795265         2019-02-02   15:18    00:00:32            
 527222795000 II  11099990003          2019-02-02   15:20    00:00:04            ep_svptmx01
 527222795192  8  527222795207         2019-02-02   15:20    00:05:43            
 527222795279 EE  7221681738           2019-02-02   15:21    00:00:11            ep_svptmx01
 527222795050 II  11011011012          2019-02-02   15:28    00:00:07            EP_sdcxprsat3
 527222795187  8  527222795265         2019-02-02   15:29    00:01:14            
 527222795107 II  11011011012          2019-02-02   15:30    00:00:07            EP_sdcxprsat2
 527222795000 II  11099990003          2019-02-02   15:31    00:00:04            ep_svptmx01
 527222795217  8  527222795279         2019-02-02   15:34    00:00:36            
 527222795026  8  521012795312         2019-02-02   15:35    00:01:03            
 527222795217  8  521012795583         2019-02-02   15:38    00:00:10            
 527222795000 II  11099990003          2019-02-02   15:39    00:00:30            ep_svptmx01
 527222795000 II  11099990003          2019-02-02   15:43    00:00:26            ep_svptmx01
 527222795000 II  11099990003          2019-02-02   15:43    00:00:04            ep_svptmx01
 527222795050 II  11011011012          2019-02-02   15:43    00:00:08            EP_sdcxprsat1
 527222795217  8  527222795279         2019-02-02   15:44    00:00:27            
 527222795232 II  11011011012          2019-02-02   15:46    00:00:07            EP_sdcxprsat3
 527222795026  8  521012795326         2019-02-02   15:52    00:00:43            
 527222795206  8  521012795366         2019-02-02   15:53    00:01:46            
 527222795000 II  11099990003          2019-02-02   15:55    00:00:04            ep_svptmx01
 527222795711  8  521012795326         2019-02-02   15:57    00:00:24            
 527222795050 II  11011011012          2019-02-02   15:59    00:00:12            EP_sdcxprsat1
 527222795762  8  521012795366         2019-02-02   15:59    00:00:47            
 527222795173 II  11011011012          2019-02-02   16:01    00:00:03            EP_sdcxprsat2
 527222795068  8  521012795366         2019-02-02   16:01    00:00:45            
 527222795214  8  521012795314         2019-02-02   16:03    00:00:36            
 527222795269  8  527222795252         2019-02-02   16:04    00:00:50            
 527222795700  8  521012795306         2019-02-02   16:05    00:00:49            
 527222795000 II  11099990003          2019-02-02   16:06    00:00:22            ep_svptmx01
 527222795207 II  11011011012          2019-02-02   16:07    00:00:03            EP_sdcxprsat1
 527222795000 II  11099990003          2019-02-02   16:08    00:00:04            ep_svptmx01
 527222795700  8  521012795306         2019-02-02   16:08    00:00:01            
 527222795700  8  521012795306         2019-02-02   16:09    00:00:28            
 527222795050 II  11011011012          2019-02-02   16:15    00:00:07            EP_sdcxprsat1
 527222795207  8  521012795410         2019-02-02   16:16    00:01:05            
 527222795929  8  527222795904         2019-02-02   16:17    00:00:35            
 527222795217  8  527222795279         2019-02-02   16:18    00:00:09            
 527222795000 II  11099990003          2019-02-02   16:19    00:00:04            ep_svptmx01
 527222795000 II  11099990003          2019-02-02   16:21    00:00:37            ep_svptmx01
 527222795000 II  11099990003          2019-02-02   16:24    00:00:30            ep_svptmx01
 527222795745 EE  7225780420           2019-02-02   16:30    00:00:27            ep_svptmx01
 527222795000 II  11099990003          2019-02-02   16:36    00:00:05            ep_svptmx01
 527222795000 II  11099990003          2019-02-02   16:38    00:00:04            ep_svptmx01
 527222795762  8  521012795366         2019-02-02   16:43    00:01:03            
 527222795028  8  527222795026         2019-02-02   16:48    00:12:47            
 527222795922 EE  7224745279           2019-02-02   16:50    00:00:50            ep_todprx1
 527222795047  8  521012795366         2019-02-02   16:51    00:00:40            
 527222795022  8  521012795306         2019-02-02   16:52    00:01:25            
 527222795922  8  527222795904         2019-02-02   16:52    00:00:54            
 527222795904  8  527222795960         2019-02-02   16:54    00:00:46            
 527222795000 II  11099990003          2019-02-02   17:00    00:00:04            ep_svptmx01
 527222795092  8  527222795265         2019-02-02   17:01    00:00:53            
 527222795923  8  527222795960         2019-02-02   17:01    00:00:08            
 527222795068  8  521012795366         2019-02-02   17:07    00:01:03            
 527222795000 II  11099990003          2019-02-02   17:08    00:00:04            ep_svptmx01
 527222795092  8  527222795265         2019-02-02   17:08    00:00:26            
 527222795000 II  11099990003          2019-02-02   17:08    00:00:32            ep_svptmx01
 527222795000 II  11099990003          2019-02-02   17:09    00:00:04            ep_svptmx01
 527222795000 II  11099990003          2019-02-02   17:10    00:00:05            ep_svptmx01
 527222795231  8  521012795369         2019-02-02   17:12    00:00:13            
 527222795000 II  11099990003          2019-02-02   17:15    00:00:06            ep_svptmx01
 527222795252  8  527222795279         2019-02-02   17:15    00:00:31            
 527222795279  8  527222795217         2019-02-02   17:16    00:00:30            
 527222795000 II  11099990003          2019-02-02   17:16    00:00:04            ep_svptmx01
 527222795217  8  521012795408         2019-02-02   17:19    00:00:15            
 527222795217  8  527222795279         2019-02-02   17:23    00:01:51            
 527222795211  8  527222795269         2019-02-02   17:23    00:00:13            
 527222795264  8  521012795336         2019-02-02   17:24    00:00:49            
 527222795140  8  521012795368         2019-02-02   17:26    00:00:40            
 527222795000 II  11099990003          2019-02-02   17:29    00:00:04            ep_svptmx01
 527222795000 II  11099990003          2019-02-02   17:31    00:00:23            ep_svptmx01
 527222795000 II  11099990003          2019-02-02   17:34    00:00:04            ep_svptmx01
 527222795279  8  521012795556         2019-02-02   17:35    00:01:07            
 527222795032 II  11011011012          2019-02-02   17:38    00:00:04            EP_sdcxprsat3
 527222795000 II  11099990003          2019-02-02   17:40    00:00:04            ep_svptmx01
 527222795187  8  527222795265         2019-02-02   17:42    00:00:34            
 527222795000 II  11099990003          2019-02-02   17:43    00:00:25            ep_svptmx01
 527222795214  8  521012795404         2019-02-02   17:44    00:00:34            
 527222795214 II  11011011012          2019-02-02   17:48    00:00:04            EP_sdcxprsat1
 527222795000 II  11099990003          2019-02-02   17:49    00:00:04            ep_svptmx01
 527222795214  8  527222795207         2019-02-02   17:49    00:00:31            
 527222795214  8  521012795404         2019-02-02   17:53    00:01:58            
 527222795000 II  11099990003          2019-02-02   17:59    00:00:04            ep_svptmx01
 527222795000 II  11099990003          2019-02-02   18:05    00:00:04            ep_svptmx01
 527222795000 II  11099990003          2019-02-02   18:05    00:00:37            ep_svptmx01
 527222795265  8  527222795187         2019-02-02   18:19    00:00:13            
 527222795000 II  11099990003          2019-02-02   18:24    00:00:34            ep_svptmx01
 527222795000 II  11099990003          2019-02-02   18:33    00:00:15            ep_svptmx01
 527222795205 II  11011011012          2019-02-02   18:48    00:00:03            EP_sdcxprsat1
 527222795000 II  11099990003          2019-02-02   18:48    00:00:25            ep_svptmx01
 527222795022 II  11011011012          2019-02-02   18:53    00:00:03            EP_sdcxprsat2
 527222795000 II  11099990003          2019-02-02   18:56    00:00:04            ep_svptmx01
 527222795922 II  11011011012          2019-02-02   18:57    00:00:02            EP_sdcxprsat2
 527222795284  8  527222795217         2019-02-02   18:57    00:00:43            
 527222795214  8  521012795395         2019-02-02   18:59    00:00:44            
 527222795000 II  11099990003          2019-02-02   19:01    00:00:04            ep_svptmx01
 527222795214  8  521012795404         2019-02-02   19:01    00:00:27            
 527222795022 II  11011011006          2019-02-02   19:02    00:00:02            EP_sdcxprsat3
 527222795022 II  11011011006          2019-02-02   19:04    00:00:03            EP_sdcxprsat3
 527222795205  8  527222795206         2019-02-02   19:05    00:01:52            
 527222795702 II  11011011012          2019-02-02   19:07    00:00:08            EP_sdcxprsat1
 527222795702 II  11011011012          2019-02-02   19:07    00:00:05            EP_sdcxprsat1
 527222795000 II  11099990003          2019-02-02   19:11    00:00:10            ep_svptmx01
 527222795217  8  521012795315         2019-02-02   19:14    00:00:07            
 527222795000 II  11099990003          2019-02-02   19:18    00:00:30            ep_svptmx01
 527222795904  8  527222795922         2019-02-02   19:22    00:00:42            
 527222795032 II  11011011012          2019-02-02   19:24    00:00:04            EP_sdcxprsat3
 527222795282  8  527222795279         2019-02-02   19:24    00:00:18            
 527222795279  8  521012795395         2019-02-02   19:26    00:00:39            
 527222795922  8  527222795960         2019-02-02   19:30    00:01:34            
 527222795282 EE  7223776497           2019-02-02   19:37    00:00:13            ep_svptmx01
 527222795000 II  11099990003          2019-02-02   19:42    00:00:37            ep_svptmx01
 527222795922  8  527222795960         2019-02-02   19:42    00:01:05            
 527222795284  8  527222795282         2019-02-02   19:53    00:03:47            
 527222795000 II  11099990003          2019-02-02   20:02    00:00:22            ep_svptmx01
 527222795206  8  521012795564         2019-02-02   20:02    00:00:34            
 527222795960  8  527222795923         2019-02-02   20:05    00:02:50            
 527222795923  8  527222795960         2019-02-02   20:09    00:00:53            
 527222795000 II  11099990003          2019-02-02   20:09    00:00:04            ep_svptmx01
 527222795217  8  527222795279         2019-02-02   20:15    00:00:02            
 527222795702 II  11011011012          2019-02-02   20:17    00:00:08            EP_sdcxprsat2
 527222795217  8  527222795279         2019-02-02   20:22    00:06:30            
 527222795284  8  521012795314         2019-02-02   20:24    00:00:34            
 527222795111  8  521012795360         2019-02-02   20:25    00:02:24            
 527222795700  8  527222795703         2019-02-02   20:29    00:00:12            
 527222795284  8  521012795395         2019-02-02   20:29    00:00:37            
 527222795080 II  11011011012          2019-02-02   20:32    00:00:04            EP_sdcxprsat1
 527222795026  8  527222795711         2019-02-02   20:34    00:01:29            
 527222795026  8  527222795711         2019-02-02   20:44    00:02:11            
 527222795700  8  527222795703         2019-02-02   20:50    00:01:21            
 527222795217  8  527222795279         2019-02-02   20:51    00:01:27            
 527222795785 II  11011011012          2019-02-02   20:51    00:00:19            EP_sdcxprsat1
 527222795000 II  11099990003          2019-02-02   20:58    00:00:04            ep_svptmx01
 527222795923  8  527222795924         2019-02-02   21:07    00:00:39            
 527222795923  8  527222795924         2019-02-02   21:14    00:00:50            
 527222795206 II  11011011012          2019-02-02   21:18    00:00:05            EP_sdcxprsat3
 527222795783 II  11011011012          2019-02-02   21:20    00:00:45            EP_sdcxprsat1
 527222795206 II  11011011012          2019-02-02   21:24    00:00:04            EP_sdcxprsat3
 527222795206  8  527222795080         2019-02-02   21:25    00:03:25            
 527222795000 II  11099990003          2019-02-02   21:25    00:00:04            ep_svptmx01
 527222795700  8  527222795703         2019-02-02   21:33    00:00:53            
 527222795080 II  11011011012          2019-02-02   21:33    00:00:04            EP_sdcxprsat2
 527222795217  8  527222795279         2019-02-02   21:35    00:00:10            
 527222795960  8  527222795922         2019-02-02   21:41    00:03:07            
 527222795080  8  527222795206         2019-02-02   21:46    00:03:42            
 527222795222 II  11011011012          2019-02-02   21:50    00:00:04            EP_sdcxprsat1
 527222795700  8  527222795703         2019-02-02   21:55    00:00:29            
 527222795080 II  11011011012          2019-02-02   22:03    00:00:04            EP_sdcxprsat2
 527222795960  8  527222795924         2019-02-02   22:06    00:04:29            
 527222795923  8  527222795960         2019-02-02   22:07    00:03:08            
 527222795269  8  527222795265         2019-02-02   22:08    00:00:21            
 527222795206 II  11011011012          2019-02-02   22:08    00:00:05            EP_sdcxprsat2
 527222795269  8  527222795080         2019-02-02   22:09    00:01:33            
 527222795217  8  521012795315         2019-02-02   22:10    00:00:07            
 527222795923  8  527222795924         2019-02-02   22:10    00:00:01            
 527222795080 **  92990838             2019-02-02   22:16    00:13:40            ep_svptmx01
 527222795252  8  527222795279         2019-02-02   22:16    00:00:28            
 527222795279  8  521012795408         2019-02-02   22:17    00:00:29            
 527222795924  8  527222795922         2019-02-02   22:23    00:00:11            
 527222795924  8  527222795923         2019-02-02   22:25    00:29:10            
 527222795924  8  527222795960         2019-02-02   22:26    00:28:34            
 527222795924  8  1234567890           2019-02-02   22:26    00:25:53            
 527222795279  8  527222795217         2019-02-02   22:26    00:00:15            
 527222795000 II  11099990003          2019-02-02   22:27    00:00:05            ep_svptmx01
 527222795214  8  521012795395         2019-02-02   22:29    00:00:17            
 527222795000 II  11099990003          2019-02-02   22:36    00:00:11            ep_svptmx01
 527222795187  8  527222795265         2019-02-02   22:50    00:00:34            
 527222795080  8  521012795513         2019-02-02   22:54    00:00:05            
 527222795214  8  521012795408         2019-02-02   22:54    00:01:44            
 527222795080 II  11011011012          2019-02-02   22:54    00:00:03            EP_sdcxprsat3
 527222795960  8  527222795924         2019-02-02   22:55    00:00:06            
 527222795214  8  521012795408         2019-02-02   22:56    00:01:56            
 527222795923  8  527222795960         2019-02-02   23:02    00:00:18            
 527222795924  8  527222795960         2019-02-02   23:06    00:00:30            
 527222795000 II  11099990003          2019-02-02   23:07    00:00:30            ep_svptmx01
 527222795960  8  527222795924         2019-02-02   23:10    00:00:08            
 527222795000 II  11099990003          2019-02-02   23:29    00:00:29            ep_svptmx01
 527222795080 EE  7222990838           2019-02-02   23:30    00:02:53            ep_svptmx01
 527222795217  8  521012795408         2019-02-02   23:30    00:00:13            
 527222795080 II  11011011012          2019-02-02   23:33    00:00:04            EP_sdcxprsat1
 527222795080  8  527222795265         2019-02-02   23:33    00:00:41            
 527222795000 II  11099990003          2019-02-02   23:33    00:00:27            ep_svptmx01
 527222795066 II  9017282814639        2019-02-02   23:35    00:05:40 78382176   ep_svptmx01
 527222795080  8  527222795269         2019-02-02   23:43    00:00:31            
 527222795080 II  11011011012          2019-02-02   23:44    00:00:03            EP_sdcxprsat2
 527222795080  8  527222795265         2019-02-02   23:48    00:00:48            
 527222795217  8  521012795408         2019-02-02   23:49    00:00:18            
 527222795265  8  527222795080         2019-02-02   23:50    00:00:16            
 527222795135 II  9015556125845        2019-02-02   23:55    00:03:31 72240627   ep_svptmx01
